#
# There is insufficient memory for the Java Runtime Environment to continue.
# Native memory allocation (mmap) failed to map 29360128 bytes for Failed to commit area from 0x00000000aa000000 to 0x00000000abc00000 of length 29360128.
# Possible reasons:
#   The system is out of physical RAM or swap space
#   The process is running with CompressedOops enabled, and the Java Heap may be blocking the growth of the native heap
# Possible solutions:
#   Reduce memory load on the system
#   Increase physical memory or swap space
#   Check if swap backing store is full
#   Decrease Java heap size (-Xmx/-Xms)
#   Decrease number of Java threads
#   Decrease Java thread stack sizes (-Xss)
#   Set larger code cache with -XX:ReservedCodeCacheSize=
#   JVM is running with Unscaled Compressed Oops mode in which the Java heap is
#     placed in the first 4GB address space. The Java Heap base address is the
#     maximum limit for the native heap growth. Please use -XX:HeapBaseMinAddress
#     to set the Java Heap base and to place the Java Heap above 4GB virtual address.
# This output file may be truncated or incomplete.
#
#  Out of Memory Error (src/hotspot/os/windows/os_windows.cpp:3627), pid=100, tid=4720
#
# JRE version: OpenJDK Runtime Environment (11.0.15) (build 11.0.15+0-b2043.56-9505619)
# Java VM: OpenJDK 64-Bit Server VM (11.0.15+0-b2043.56-9505619, mixed mode, tiered, compressed oops, g1 gc, windows-amd64)
# No core dump will be written. Minidumps are not enabled by default on client versions of Windows
#

---------------  S U M M A R Y ------------

Command Line: org.jetbrains.kotlin.cli.jvm.K2JVMCompiler @C:\Users\Jenifer\Downloads\lab-08\laboratorio08\Moviles 3\app\build\20230525_2146540429792462884.compiler.options

Host: AMD Ryzen 3 3250U with Radeon Graphics         , 4 cores, 5G,  Windows 11 , 64 bit Build 22621 (10.0.22621.1635)
Time: Thu May 25 23:11:22 2023 Hora est. Pacífico, Sudamérica elapsed time: 21.126305 seconds (0d 0h 0m 21s)

---------------  T H R E A D  ---------------

Current thread (0x000002545480c800):  VMThread "VM Thread" [stack: 0x000000b030f00000,0x000000b031000000] [id=4720]

Stack: [0x000000b030f00000,0x000000b031000000]
[error occurred during error reporting (printing stack bounds), id 0xc0000005, EXCEPTION_ACCESS_VIOLATION (0xc0000005) at pc=0x000002543fb0112d]

Native frames: (J=compiled Java code, j=interpreted, Vv=VM code, C=native code)
V  [jvm.dll+0x64135a]
V  [jvm.dll+0x7d39f9]
V  [jvm.dll+0x7d51b9]
V  [jvm.dll+0x7d5805]
V  [jvm.dll+0x7d57bb]
V  [jvm.dll+0x640655]
V  [jvm.dll+0x640d68]
C  [ntdll.dll+0xa3cff]
C  [ntdll.dll+0x1e456]
C  [ntdll.dll+0xa2cee]
C  0x000002543fb0112d

VM_Operation (0x000000b0309fd650): G1CollectForAllocation, mode: safepoint, requested by thread 0x000002543bfdf800


---------------  P R O C E S S  ---------------

Threads class SMR info:
_java_thread_list=0x00000254558ddd30, length=10, elements={
0x000002543bfdf800, 0x0000025454834000, 0x000002545483d000, 0x0000025454852800,
0x0000025454856800, 0x0000025454857800, 0x0000025454859800, 0x000002545485b000,
0x0000025455278000, 0x0000025455367800
}

Java Threads: ( => current thread )
  0x000002543bfdf800 JavaThread "main" [_thread_blocked, id=8632, stack(0x000000b030900000,0x000000b030a00000)]
  0x0000025454834000 JavaThread "Reference Handler" daemon [_thread_blocked, id=8132, stack(0x000000b031000000,0x000000b031100000)]
  0x000002545483d000 JavaThread "Finalizer" daemon [_thread_blocked, id=9248, stack(0x000000b031100000,0x000000b031200000)]
  0x0000025454852800 JavaThread "Signal Dispatcher" daemon [_thread_blocked, id=11600, stack(0x000000b031200000,0x000000b031300000)]
  0x0000025454856800 JavaThread "Attach Listener" daemon [_thread_blocked, id=1396, stack(0x000000b031300000,0x000000b031400000)]
  0x0000025454857800 JavaThread "Service Thread" daemon [_thread_blocked, id=5736, stack(0x000000b031400000,0x000000b031500000)]
  0x0000025454859800 JavaThread "C2 CompilerThread0" daemon [_thread_blocked, id=8588, stack(0x000000b031500000,0x000000b031600000)]
  0x000002545485b000 JavaThread "C1 CompilerThread0" daemon [_thread_blocked, id=3140, stack(0x000000b031600000,0x000000b031700000)]
  0x0000025455278000 JavaThread "Sweeper thread" daemon [_thread_blocked, id=12768, stack(0x000000b031700000,0x000000b031800000)]
  0x0000025455367800 JavaThread "Common-Cleaner" daemon [_thread_blocked, id=5132, stack(0x000000b031900000,0x000000b031a00000)]

Other Threads:
=>0x000002545480c800 VMThread "VM Thread" [stack: 0x000000b030f00000,0x000000b031000000] [id=4720]
  0x000002545535b800 WatcherThread [stack: 0x000000b031800000,0x000000b031900000] [id=12544]
  0x000002543bff7000 GCTaskThread "GC Thread#0" [stack: 0x000000b030a00000,0x000000b030b00000] [id=10980]
  0x0000025455533800 GCTaskThread "GC Thread#1" [stack: 0x000000b031b00000,0x000000b031c00000] [id=10968]
  0x0000025458ba0800 GCTaskThread "GC Thread#2" [stack: 0x000000b031a00000,0x000000b031b00000] [id=13680]
  0x000002543c01b800 ConcurrentGCThread "G1 Main Marker" [stack: 0x000000b030b00000,0x000000b030c00000] [id=9620]
  0x000002543c01f000 ConcurrentGCThread "G1 Conc#0" [stack: 0x000000b030c00000,0x000000b030d00000] [id=2472]
  0x000002543c094800 ConcurrentGCThread "G1 Refine#0" [stack: 0x000000b030d00000,0x000000b030e00000] [id=7920]
  0x000002543c097800 ConcurrentGCThread "G1 Young RemSet Sampling" [stack: 0x000000b030e00000,0x000000b030f00000] [id=6684]

Threads with active compile tasks:
C2 CompilerThread0    21149 10126       4       java.util.ArrayList::remove (26 bytes)
C1 CompilerThread0    21149 10128       3       org.jetbrains.kotlin.backend.common.IrElementTransformerVoidWithContext::visitFunction (38 bytes)

VM state:at safepoint (normal execution)

VM Mutex/Monitor currently owned by a thread:  ([mutex/lock_event])
[0x000002543bfda3c0] Threads_lock - owner thread: 0x000002545480c800
[0x000002543bfd9f40] Heap_lock - owner thread: 0x000002543bfdf800

Heap address: 0x00000000a1400000, size: 1516 MB, Compressed Oops mode: 32-bit
Narrow klass base: 0x0000000000000000, Narrow klass shift: 3
Compressed class space size: 1073741824 Address: 0x0000000100000000

Heap:
 garbage-first heap   total 172032K, used 62313K [0x00000000a1400000, 0x0000000100000000)
  region size 1024K, 5 young (5120K), 5 survivors (5120K)
 Metaspace       used 71565K, capacity 72314K, committed 72604K, reserved 1114112K
  class space    used 7784K, capacity 8096K, committed 8136K, reserved 1048576K
Heap Regions: E=young(eden), S=young(survivor), O=old, HS=humongous(starts), HC=humongous(continues), CS=collection set, F=free, A=archive, TAMS=top-at-mark-start (previous, next)
|   0|0x00000000a1400000, 0x00000000a1500000, 0x00000000a1500000|100%|HS|  |TAMS 0x00000000a1500000, 0x00000000a1400000| Complete 
|   1|0x00000000a1500000, 0x00000000a1600000, 0x00000000a1600000|100%|HC|  |TAMS 0x00000000a1600000, 0x00000000a1500000| Complete 
|   2|0x00000000a1600000, 0x00000000a1700000, 0x00000000a1700000|100%|HC|  |TAMS 0x00000000a1700000, 0x00000000a1600000| Complete 
|   3|0x00000000a1700000, 0x00000000a1800000, 0x00000000a1800000|100%| O|  |TAMS 0x00000000a1800000, 0x00000000a1700000| Untracked 
|   4|0x00000000a1800000, 0x00000000a1900000, 0x00000000a1900000|100%| O|  |TAMS 0x00000000a1900000, 0x00000000a1800000| Untracked 
|   5|0x00000000a1900000, 0x00000000a1a00000, 0x00000000a1a00000|100%|HS|  |TAMS 0x00000000a1a00000, 0x00000000a1900000| Complete 
|   6|0x00000000a1a00000, 0x00000000a1b00000, 0x00000000a1b00000|100%|HC|  |TAMS 0x00000000a1b00000, 0x00000000a1a00000| Complete 
|   7|0x00000000a1b00000, 0x00000000a1c00000, 0x00000000a1c00000|100%|HC|  |TAMS 0x00000000a1c00000, 0x00000000a1b00000| Complete 
|   8|0x00000000a1c00000, 0x00000000a1d00000, 0x00000000a1d00000|100%|HS|  |TAMS 0x00000000a1d00000, 0x00000000a1c00000| Complete 
|   9|0x00000000a1d00000, 0x00000000a1e00000, 0x00000000a1e00000|100%|HC|  |TAMS 0x00000000a1e00000, 0x00000000a1d00000| Complete 
|  10|0x00000000a1e00000, 0x00000000a1f00000, 0x00000000a1f00000|100%| O|  |TAMS 0x00000000a1f00000, 0x00000000a1e00000| Untracked 
|  11|0x00000000a1f00000, 0x00000000a2000000, 0x00000000a2000000|100%| O|  |TAMS 0x00000000a2000000, 0x00000000a1f00000| Untracked 
|  12|0x00000000a2000000, 0x00000000a2100000, 0x00000000a2100000|100%| O|  |TAMS 0x00000000a2100000, 0x00000000a2000000| Untracked 
|  13|0x00000000a2100000, 0x00000000a2200000, 0x00000000a2200000|100%| O|  |TAMS 0x00000000a2200000, 0x00000000a2100000| Untracked 
|  14|0x00000000a2200000, 0x00000000a2300000, 0x00000000a2300000|100%| O|  |TAMS 0x00000000a2300000, 0x00000000a2200000| Untracked 
|  15|0x00000000a2300000, 0x00000000a2400000, 0x00000000a2400000|100%| O|  |TAMS 0x00000000a2400000, 0x00000000a2300000| Untracked 
|  16|0x00000000a2400000, 0x00000000a2500000, 0x00000000a2500000|100%| O|  |TAMS 0x00000000a2500000, 0x00000000a2400000| Untracked 
|  17|0x00000000a2500000, 0x00000000a2600000, 0x00000000a2600000|100%| O|  |TAMS 0x00000000a2600000, 0x00000000a2500000| Untracked 
|  18|0x00000000a2600000, 0x00000000a2700000, 0x00000000a2700000|100%| O|  |TAMS 0x00000000a2700000, 0x00000000a2600000| Untracked 
|  19|0x00000000a2700000, 0x00000000a2800000, 0x00000000a2800000|100%| O|  |TAMS 0x00000000a2800000, 0x00000000a2700000| Untracked 
|  20|0x00000000a2800000, 0x00000000a2900000, 0x00000000a2900000|100%| O|  |TAMS 0x00000000a2900000, 0x00000000a2800000| Untracked 
|  21|0x00000000a2900000, 0x00000000a2a00000, 0x00000000a2a00000|100%| O|  |TAMS 0x00000000a2a00000, 0x00000000a2900000| Untracked 
|  22|0x00000000a2a00000, 0x00000000a2b00000, 0x00000000a2b00000|100%| O|  |TAMS 0x00000000a2b00000, 0x00000000a2a00000| Untracked 
|  23|0x00000000a2b00000, 0x00000000a2c00000, 0x00000000a2c00000|100%| O|  |TAMS 0x00000000a2c00000, 0x00000000a2b00000| Untracked 
|  24|0x00000000a2c00000, 0x00000000a2d00000, 0x00000000a2d00000|100%| O|  |TAMS 0x00000000a2d00000, 0x00000000a2c00000| Untracked 
|  25|0x00000000a2d00000, 0x00000000a2e00000, 0x00000000a2e00000|100%| O|  |TAMS 0x00000000a2e00000, 0x00000000a2d00000| Untracked 
|  26|0x00000000a2e00000, 0x00000000a2f00000, 0x00000000a2f00000|100%| O|  |TAMS 0x00000000a2f00000, 0x00000000a2e00000| Untracked 
|  27|0x00000000a2f00000, 0x00000000a3000000, 0x00000000a3000000|100%| O|  |TAMS 0x00000000a3000000, 0x00000000a2f00000| Untracked 
|  28|0x00000000a3000000, 0x00000000a3100000, 0x00000000a3100000|100%| O|  |TAMS 0x00000000a3100000, 0x00000000a3000000| Untracked 
|  29|0x00000000a3100000, 0x00000000a3200000, 0x00000000a3200000|100%| O|  |TAMS 0x00000000a3200000, 0x00000000a3100000| Untracked 
|  30|0x00000000a3200000, 0x00000000a3300000, 0x00000000a3300000|100%| O|  |TAMS 0x00000000a3300000, 0x00000000a3200000| Untracked 
|  31|0x00000000a3300000, 0x00000000a3400000, 0x00000000a3400000|100%| O|  |TAMS 0x00000000a3400000, 0x00000000a3300000| Untracked 
|  32|0x00000000a3400000, 0x00000000a3500000, 0x00000000a3500000|100%| O|  |TAMS 0x00000000a3500000, 0x00000000a3400000| Untracked 
|  33|0x00000000a3500000, 0x00000000a3600000, 0x00000000a3600000|100%| O|  |TAMS 0x00000000a3600000, 0x00000000a3500000| Untracked 
|  34|0x00000000a3600000, 0x00000000a3700000, 0x00000000a3700000|100%| O|  |TAMS 0x00000000a3700000, 0x00000000a3600000| Untracked 
|  35|0x00000000a3700000, 0x00000000a3800000, 0x00000000a3800000|100%| O|  |TAMS 0x00000000a3800000, 0x00000000a3700000| Untracked 
|  36|0x00000000a3800000, 0x00000000a3900000, 0x00000000a3900000|100%| O|  |TAMS 0x00000000a3900000, 0x00000000a3800000| Untracked 
|  37|0x00000000a3900000, 0x00000000a3a00000, 0x00000000a3a00000|100%| O|  |TAMS 0x00000000a3a00000, 0x00000000a3900000| Untracked 
|  38|0x00000000a3a00000, 0x00000000a3b00000, 0x00000000a3b00000|100%| O|  |TAMS 0x00000000a3b00000, 0x00000000a3a00000| Untracked 
|  39|0x00000000a3b00000, 0x00000000a3c00000, 0x00000000a3c00000|100%| O|  |TAMS 0x00000000a3c00000, 0x00000000a3b00000| Untracked 
|  40|0x00000000a3c00000, 0x00000000a3d00000, 0x00000000a3d00000|100%| O|  |TAMS 0x00000000a3d00000, 0x00000000a3c00000| Untracked 
|  41|0x00000000a3d00000, 0x00000000a3e00000, 0x00000000a3e00000|100%| O|  |TAMS 0x00000000a3d00000, 0x00000000a3d00000| Untracked 
|  42|0x00000000a3e00000, 0x00000000a3f00000, 0x00000000a3f00000|100%| O|  |TAMS 0x00000000a3e00000, 0x00000000a3e00000| Untracked 
|  43|0x00000000a3f00000, 0x00000000a4000000, 0x00000000a4000000|100%| O|  |TAMS 0x00000000a3f00000, 0x00000000a3f00000| Untracked 
|  44|0x00000000a4000000, 0x00000000a4100000, 0x00000000a4100000|100%| O|  |TAMS 0x00000000a4000000, 0x00000000a4000000| Untracked 
|  45|0x00000000a4100000, 0x00000000a4200000, 0x00000000a4200000|100%| O|  |TAMS 0x00000000a4100000, 0x00000000a4100000| Untracked 
|  46|0x00000000a4200000, 0x00000000a4300000, 0x00000000a4300000|100%| O|  |TAMS 0x00000000a4200000, 0x00000000a4200000| Untracked 
|  47|0x00000000a4300000, 0x00000000a4400000, 0x00000000a4400000|100%| O|  |TAMS 0x00000000a4300000, 0x00000000a4300000| Untracked 
|  48|0x00000000a4400000, 0x00000000a4500000, 0x00000000a4500000|100%| O|  |TAMS 0x00000000a4400000, 0x00000000a4400000| Untracked 
|  49|0x00000000a4500000, 0x00000000a4600000, 0x00000000a4600000|100%| O|  |TAMS 0x00000000a4500000, 0x00000000a4500000| Untracked 
|  50|0x00000000a4600000, 0x00000000a4700000, 0x00000000a4700000|100%| O|  |TAMS 0x00000000a4600000, 0x00000000a4600000| Untracked 
|  51|0x00000000a4700000, 0x00000000a4800000, 0x00000000a4800000|100%| O|  |TAMS 0x00000000a4700000, 0x00000000a4700000| Untracked 
|  52|0x00000000a4800000, 0x00000000a4900000, 0x00000000a4900000|100%| O|  |TAMS 0x00000000a4800000, 0x00000000a4800000| Untracked 
|  53|0x00000000a4900000, 0x00000000a4a00000, 0x00000000a4a00000|100%| O|  |TAMS 0x00000000a4900000, 0x00000000a4900000| Untracked 
|  54|0x00000000a4a00000, 0x00000000a4b00000, 0x00000000a4b00000|100%| O|  |TAMS 0x00000000a4a00000, 0x00000000a4a00000| Untracked 
|  55|0x00000000a4b00000, 0x00000000a4c00000, 0x00000000a4c00000|100%| O|  |TAMS 0x00000000a4b00000, 0x00000000a4b00000| Untracked 
|  56|0x00000000a4c00000, 0x00000000a4c4de00, 0x00000000a4d00000| 30%| O|  |TAMS 0x00000000a4c00000, 0x00000000a4c00000| Untracked 
|  57|0x00000000a4d00000, 0x00000000a4d00000, 0x00000000a4e00000|  0%| F|  |TAMS 0x00000000a4d00000, 0x00000000a4d00000| Untracked 
|  58|0x00000000a4e00000, 0x00000000a4e00000, 0x00000000a4f00000|  0%| F|  |TAMS 0x00000000a4e00000, 0x00000000a4e00000| Untracked 
|  59|0x00000000a4f00000, 0x00000000a4f00000, 0x00000000a5000000|  0%| F|  |TAMS 0x00000000a4f00000, 0x00000000a4f00000| Untracked 
|  60|0x00000000a5000000, 0x00000000a5000000, 0x00000000a5100000|  0%| F|  |TAMS 0x00000000a5000000, 0x00000000a5000000| Untracked 
|  61|0x00000000a5100000, 0x00000000a5100000, 0x00000000a5200000|  0%| F|  |TAMS 0x00000000a5100000, 0x00000000a5100000| Untracked 
|  62|0x00000000a5200000, 0x00000000a5200000, 0x00000000a5300000|  0%| F|  |TAMS 0x00000000a5200000, 0x00000000a5200000| Untracked 
|  63|0x00000000a5300000, 0x00000000a5300000, 0x00000000a5400000|  0%| F|  |TAMS 0x00000000a5300000, 0x00000000a5300000| Untracked 
|  64|0x00000000a5400000, 0x00000000a5400000, 0x00000000a5500000|  0%| F|  |TAMS 0x00000000a5400000, 0x00000000a5400000| Untracked 
|  65|0x00000000a5500000, 0x00000000a5500000, 0x00000000a5600000|  0%| F|  |TAMS 0x00000000a5500000, 0x00000000a5500000| Untracked 
|  66|0x00000000a5600000, 0x00000000a5600000, 0x00000000a5700000|  0%| F|  |TAMS 0x00000000a5600000, 0x00000000a5600000| Untracked 
|  67|0x00000000a5700000, 0x00000000a5700000, 0x00000000a5800000|  0%| F|  |TAMS 0x00000000a5700000, 0x00000000a5700000| Untracked 
|  68|0x00000000a5800000, 0x00000000a5800000, 0x00000000a5900000|  0%| F|  |TAMS 0x00000000a5800000, 0x00000000a5800000| Untracked 
|  69|0x00000000a5900000, 0x00000000a5900000, 0x00000000a5a00000|  0%| F|  |TAMS 0x00000000a5900000, 0x00000000a5900000| Untracked 
|  70|0x00000000a5a00000, 0x00000000a5a00000, 0x00000000a5b00000|  0%| F|  |TAMS 0x00000000a5a00000, 0x00000000a5a00000| Untracked 
|  71|0x00000000a5b00000, 0x00000000a5b00000, 0x00000000a5c00000|  0%| F|  |TAMS 0x00000000a5b00000, 0x00000000a5b00000| Untracked 
|  72|0x00000000a5c00000, 0x00000000a5c00000, 0x00000000a5d00000|  0%| F|  |TAMS 0x00000000a5c00000, 0x00000000a5c00000| Untracked 
|  73|0x00000000a5d00000, 0x00000000a5d00000, 0x00000000a5e00000|  0%| F|  |TAMS 0x00000000a5d00000, 0x00000000a5d00000| Untracked 
|  74|0x00000000a5e00000, 0x00000000a5e00000, 0x00000000a5f00000|  0%| F|  |TAMS 0x00000000a5e00000, 0x00000000a5e00000| Untracked 
|  75|0x00000000a5f00000, 0x00000000a5f00000, 0x00000000a6000000|  0%| F|  |TAMS 0x00000000a5f00000, 0x00000000a5f00000| Untracked 
|  76|0x00000000a6000000, 0x00000000a6000000, 0x00000000a6100000|  0%| F|  |TAMS 0x00000000a6000000, 0x00000000a6000000| Untracked 
|  77|0x00000000a6100000, 0x00000000a6100000, 0x00000000a6200000|  0%| F|  |TAMS 0x00000000a6100000, 0x00000000a6100000| Untracked 
|  78|0x00000000a6200000, 0x00000000a6200000, 0x00000000a6300000|  0%| F|  |TAMS 0x00000000a6200000, 0x00000000a6200000| Untracked 
|  79|0x00000000a6300000, 0x00000000a6300000, 0x00000000a6400000|  0%| F|  |TAMS 0x00000000a6300000, 0x00000000a6300000| Untracked 
|  80|0x00000000a6400000, 0x00000000a6400000, 0x00000000a6500000|  0%| F|  |TAMS 0x00000000a6400000, 0x00000000a6400000| Untracked 
|  81|0x00000000a6500000, 0x00000000a6500000, 0x00000000a6600000|  0%| F|  |TAMS 0x00000000a6500000, 0x00000000a6500000| Untracked 
|  82|0x00000000a6600000, 0x00000000a6600000, 0x00000000a6700000|  0%| F|  |TAMS 0x00000000a6600000, 0x00000000a6600000| Untracked 
|  83|0x00000000a6700000, 0x00000000a6700000, 0x00000000a6800000|  0%| F|  |TAMS 0x00000000a6700000, 0x00000000a6700000| Untracked 
|  84|0x00000000a6800000, 0x00000000a6800000, 0x00000000a6900000|  0%| F|  |TAMS 0x00000000a6800000, 0x00000000a6800000| Untracked 
|  85|0x00000000a6900000, 0x00000000a698c7c0, 0x00000000a6a00000| 54%| S|CS|TAMS 0x00000000a6900000, 0x00000000a6900000| Complete 
|  86|0x00000000a6a00000, 0x00000000a6b00000, 0x00000000a6b00000|100%| S|CS|TAMS 0x00000000a6a00000, 0x00000000a6a00000| Complete 
|  87|0x00000000a6b00000, 0x00000000a6c00000, 0x00000000a6c00000|100%| S|CS|TAMS 0x00000000a6b00000, 0x00000000a6b00000| Complete 
|  88|0x00000000a6c00000, 0x00000000a6d00000, 0x00000000a6d00000|100%| S|CS|TAMS 0x00000000a6c00000, 0x00000000a6c00000| Complete 
|  89|0x00000000a6d00000, 0x00000000a6d00000, 0x00000000a6e00000|  0%| F|  |TAMS 0x00000000a6d00000, 0x00000000a6d00000| Untracked 
|  90|0x00000000a6e00000, 0x00000000a6e00000, 0x00000000a6f00000|  0%| F|  |TAMS 0x00000000a6e00000, 0x00000000a6e00000| Untracked 
|  91|0x00000000a6f00000, 0x00000000a6f00000, 0x00000000a7000000|  0%| F|  |TAMS 0x00000000a6f00000, 0x00000000a6f00000| Untracked 
|  92|0x00000000a7000000, 0x00000000a7000000, 0x00000000a7100000|  0%| F|  |TAMS 0x00000000a7000000, 0x00000000a7000000| Untracked 
|  93|0x00000000a7100000, 0x00000000a7100000, 0x00000000a7200000|  0%| F|  |TAMS 0x00000000a7100000, 0x00000000a7100000| Untracked 
|  94|0x00000000a7200000, 0x00000000a7300000, 0x00000000a7300000|100%| S|CS|TAMS 0x00000000a7200000, 0x00000000a7200000| Complete 
|  95|0x00000000a7300000, 0x00000000a7300000, 0x00000000a7400000|  0%| F|  |TAMS 0x00000000a7300000, 0x00000000a7300000| Untracked 
|  96|0x00000000a7400000, 0x00000000a7400000, 0x00000000a7500000|  0%| F|  |TAMS 0x00000000a7400000, 0x00000000a7400000| Untracked 
|  97|0x00000000a7500000, 0x00000000a7500000, 0x00000000a7600000|  0%| F|  |TAMS 0x00000000a7500000, 0x00000000a7500000| Untracked 
|  98|0x00000000a7600000, 0x00000000a7600000, 0x00000000a7700000|  0%| F|  |TAMS 0x00000000a7600000, 0x00000000a7600000| Untracked 
|  99|0x00000000a7700000, 0x00000000a7700000, 0x00000000a7800000|  0%| F|  |TAMS 0x00000000a7700000, 0x00000000a7700000| Untracked 
| 100|0x00000000a7800000, 0x00000000a7800000, 0x00000000a7900000|  0%| F|  |TAMS 0x00000000a7800000, 0x00000000a7800000| Untracked 
| 101|0x00000000a7900000, 0x00000000a7900000, 0x00000000a7a00000|  0%| F|  |TAMS 0x00000000a7900000, 0x00000000a7900000| Untracked 
| 102|0x00000000a7a00000, 0x00000000a7a00000, 0x00000000a7b00000|  0%| F|  |TAMS 0x00000000a7a00000, 0x00000000a7a00000| Untracked 
| 103|0x00000000a7b00000, 0x00000000a7b00000, 0x00000000a7c00000|  0%| F|  |TAMS 0x00000000a7b00000, 0x00000000a7b00000| Untracked 
| 104|0x00000000a7c00000, 0x00000000a7c00000, 0x00000000a7d00000|  0%| F|  |TAMS 0x00000000a7c00000, 0x00000000a7c00000| Untracked 
| 105|0x00000000a7d00000, 0x00000000a7d00000, 0x00000000a7e00000|  0%| F|  |TAMS 0x00000000a7d00000, 0x00000000a7d00000| Untracked 
| 106|0x00000000a7e00000, 0x00000000a7e00000, 0x00000000a7f00000|  0%| F|  |TAMS 0x00000000a7e00000, 0x00000000a7e00000| Untracked 
| 107|0x00000000a7f00000, 0x00000000a7f00000, 0x00000000a8000000|  0%| F|  |TAMS 0x00000000a7f00000, 0x00000000a7f00000| Untracked 
| 108|0x00000000a8000000, 0x00000000a8000000, 0x00000000a8100000|  0%| F|  |TAMS 0x00000000a8000000, 0x00000000a8000000| Untracked 
| 109|0x00000000a8100000, 0x00000000a8100000, 0x00000000a8200000|  0%| F|  |TAMS 0x00000000a8100000, 0x00000000a8100000| Untracked 
| 110|0x00000000a8200000, 0x00000000a8200000, 0x00000000a8300000|  0%| F|  |TAMS 0x00000000a8200000, 0x00000000a8200000| Untracked 
| 111|0x00000000a8300000, 0x00000000a8300000, 0x00000000a8400000|  0%| F|  |TAMS 0x00000000a8300000, 0x00000000a8300000| Untracked 
| 112|0x00000000a8400000, 0x00000000a8400000, 0x00000000a8500000|  0%| F|  |TAMS 0x00000000a8400000, 0x00000000a8400000| Untracked 
| 113|0x00000000a8500000, 0x00000000a8500000, 0x00000000a8600000|  0%| F|  |TAMS 0x00000000a8500000, 0x00000000a8500000| Untracked 
| 114|0x00000000a8600000, 0x00000000a8600000, 0x00000000a8700000|  0%| F|  |TAMS 0x00000000a8600000, 0x00000000a8600000| Untracked 
| 115|0x00000000a8700000, 0x00000000a8700000, 0x00000000a8800000|  0%| F|  |TAMS 0x00000000a8700000, 0x00000000a8700000| Untracked 
| 116|0x00000000a8800000, 0x00000000a8800000, 0x00000000a8900000|  0%| F|  |TAMS 0x00000000a8800000, 0x00000000a8800000| Untracked 
| 117|0x00000000a8900000, 0x00000000a8900000, 0x00000000a8a00000|  0%| F|  |TAMS 0x00000000a8900000, 0x00000000a8900000| Untracked 
| 118|0x00000000a8a00000, 0x00000000a8a00000, 0x00000000a8b00000|  0%| F|  |TAMS 0x00000000a8a00000, 0x00000000a8a00000| Untracked 
| 119|0x00000000a8b00000, 0x00000000a8b00000, 0x00000000a8c00000|  0%| F|  |TAMS 0x00000000a8b00000, 0x00000000a8b00000| Untracked 
| 120|0x00000000a8c00000, 0x00000000a8c00000, 0x00000000a8d00000|  0%| F|  |TAMS 0x00000000a8c00000, 0x00000000a8c00000| Untracked 
| 121|0x00000000a8d00000, 0x00000000a8d00000, 0x00000000a8e00000|  0%| F|  |TAMS 0x00000000a8d00000, 0x00000000a8d00000| Untracked 
| 122|0x00000000a8e00000, 0x00000000a8e00000, 0x00000000a8f00000|  0%| F|  |TAMS 0x00000000a8e00000, 0x00000000a8e00000| Untracked 
| 123|0x00000000a8f00000, 0x00000000a8f00000, 0x00000000a9000000|  0%| F|  |TAMS 0x00000000a8f00000, 0x00000000a8f00000| Untracked 
| 124|0x00000000a9000000, 0x00000000a9000000, 0x00000000a9100000|  0%| F|  |TAMS 0x00000000a9000000, 0x00000000a9000000| Untracked 
| 125|0x00000000a9100000, 0x00000000a9100000, 0x00000000a9200000|  0%| F|  |TAMS 0x00000000a9100000, 0x00000000a9100000| Untracked 
| 126|0x00000000a9200000, 0x00000000a9200000, 0x00000000a9300000|  0%| F|  |TAMS 0x00000000a9200000, 0x00000000a9200000| Untracked 
| 127|0x00000000a9300000, 0x00000000a9300000, 0x00000000a9400000|  0%| F|  |TAMS 0x00000000a9300000, 0x00000000a9300000| Untracked 
| 128|0x00000000a9400000, 0x00000000a9400000, 0x00000000a9500000|  0%| F|  |TAMS 0x00000000a9400000, 0x00000000a9400000| Untracked 
| 129|0x00000000a9500000, 0x00000000a9500000, 0x00000000a9600000|  0%| F|  |TAMS 0x00000000a9500000, 0x00000000a9500000| Untracked 
| 130|0x00000000a9600000, 0x00000000a9600000, 0x00000000a9700000|  0%| F|  |TAMS 0x00000000a9600000, 0x00000000a9600000| Untracked 
| 131|0x00000000a9700000, 0x00000000a9700000, 0x00000000a9800000|  0%| F|  |TAMS 0x00000000a9700000, 0x00000000a9700000| Untracked 
| 132|0x00000000a9800000, 0x00000000a9800000, 0x00000000a9900000|  0%| F|  |TAMS 0x00000000a9800000, 0x00000000a9800000| Untracked 
| 133|0x00000000a9900000, 0x00000000a9900000, 0x00000000a9a00000|  0%| F|  |TAMS 0x00000000a9900000, 0x00000000a9900000| Untracked 
| 134|0x00000000a9a00000, 0x00000000a9a00000, 0x00000000a9b00000|  0%| F|  |TAMS 0x00000000a9a00000, 0x00000000a9a00000| Untracked 
| 135|0x00000000a9b00000, 0x00000000a9b00000, 0x00000000a9c00000|  0%| F|  |TAMS 0x00000000a9b00000, 0x00000000a9b00000| Untracked 
| 136|0x00000000a9c00000, 0x00000000a9c00000, 0x00000000a9d00000|  0%| F|  |TAMS 0x00000000a9c00000, 0x00000000a9c00000| Untracked 
| 137|0x00000000a9d00000, 0x00000000a9d00000, 0x00000000a9e00000|  0%| F|  |TAMS 0x00000000a9d00000, 0x00000000a9d00000| Untracked 
| 138|0x00000000a9e00000, 0x00000000a9e00000, 0x00000000a9f00000|  0%| F|  |TAMS 0x00000000a9e00000, 0x00000000a9e00000| Untracked 
| 139|0x00000000a9f00000, 0x00000000a9f00000, 0x00000000aa000000|  0%| F|  |TAMS 0x00000000a9f00000, 0x00000000a9f00000| Untracked 

Card table byte_map: [0x000002544ee00000,0x000002544f100000] _byte_map_base: 0x000002544e8f6000

Marking Bits (Prev, Next): (CMBitMap*) 0x000002543c014e50, (CMBitMap*) 0x000002543c014e18
 Prev Bits: [0x0000025450bb0000, 0x0000025452360000)
 Next Bits: [0x000002544f400000, 0x0000025450bb0000)

Polling page: 0x0000025439fd0000

Metaspace:

Usage:
  Non-class:     62.71 MB capacity,    62.29 MB (>99%) used,   326.14 KB ( <1%) free+waste,   111.44 KB ( <1%) overhead. 
      Class:      7.91 MB capacity,     7.60 MB ( 96%) used,   263.96 KB (  3%) free+waste,    47.06 KB ( <1%) overhead. 
       Both:     70.62 MB capacity,    69.89 MB ( 99%) used,   590.10 KB ( <1%) free+waste,   158.50 KB ( <1%) overhead. 

Virtual space:
  Non-class space:       64.00 MB reserved,      62.96 MB ( 98%) committed 
      Class space:        1.00 GB reserved,       7.95 MB ( <1%) committed 
             Both:        1.06 GB reserved,      70.90 MB (  7%) committed 

Chunk freelists:
   Non-Class:  58.00 KB
       Class:  0 bytes
        Both:  58.00 KB

MaxMetaspaceSize: 17179869184.00 GB
CompressedClassSpaceSize: 1.00 GB
Initial GC threshold: 20.80 MB
Current GC threshold: 99.00 MB
CDS: off

CodeHeap 'non-profiled nmethods': size=120064Kb used=3858Kb max_used=3858Kb free=116205Kb
 bounds [0x00000254475c0000, 0x0000025447990000, 0x000002544eb00000]
CodeHeap 'profiled nmethods': size=120000Kb used=26512Kb max_used=26512Kb free=93488Kb
 bounds [0x0000025440090000, 0x0000025441a80000, 0x00000254475c0000]
CodeHeap 'non-nmethods': size=5696Kb used=1349Kb max_used=1371Kb free=4346Kb
 bounds [0x000002543fb00000, 0x000002543fd70000, 0x0000025440090000]
 total_blobs=10626 nmethods=9980 adapters=555
 compilation: enabled
              stopped_count=0, restarted_count=0
 full_count=0

Compilation events (20 events):
Event: 21.080 Thread 0x000002545485b000 nmethod 10118 0x0000025441a6f990 code [0x0000025441a6fcc0, 0x0000025441a70f98]
Event: 21.081 Thread 0x000002545485b000 10115       3       org.jetbrains.kotlin.backend.common.lower.InventNamesForLocalClasses$NameInventor::visitValueParameter (13 bytes)
Event: 21.082 Thread 0x000002545485b000 nmethod 10115 0x0000025441a71610 code [0x0000025441a71940, 0x0000025441a72b68]
Event: 21.082 Thread 0x000002545485b000 10120       3       org.jetbrains.kotlin.backend.common.lower.InventNamesForLocalClasses$NameInventor::visitDeclaration (13 bytes)
Event: 21.083 Thread 0x000002545485b000 nmethod 10120 0x0000025441a73190 code [0x0000025441a73360, 0x0000025441a73588]
Event: 21.083 Thread 0x0000025454859800 nmethod 10119 0x0000025447983790 code [0x0000025447983920, 0x0000025447983b78]
Event: 21.083 Thread 0x000002545485b000 10116       1       org.jetbrains.kotlin.backend.common.lower.InventNamesForLocalClasses$Data::getEnclosingName (5 bytes)
Event: 21.083 Thread 0x0000025454859800 10123       4       java.util.ArrayDeque::poll (5 bytes)
Event: 21.083 Thread 0x000002545485b000 nmethod 10116 0x0000025447983c90 code [0x0000025447983e40, 0x0000025447983ef8]
Event: 21.083 Thread 0x000002545485b000 10117       1       org.jetbrains.kotlin.ir.declarations.impl.IrFunctionCommonImpl::isSuspend (5 bytes)
Event: 21.083 Thread 0x000002545485b000 nmethod 10117 0x0000025447983f90 code [0x0000025447984140, 0x00000254479841f8]
Event: 21.083 Thread 0x000002545485b000 10121       3       org.jetbrains.kotlin.backend.common.lower.InventNamesForLocalClasses$Data::copy (10 bytes)
Event: 21.083 Thread 0x000002545485b000 nmethod 10121 0x0000025441a73690 code [0x0000025441a73860, 0x0000025441a73ad8]
Event: 21.083 Thread 0x000002545485b000 10122       3       org.jetbrains.kotlin.backend.common.lower.InventNamesForLocalClasses$Data::<init> (15 bytes)
Event: 21.084 Thread 0x000002545485b000 nmethod 10122 0x0000025441a73c10 code [0x0000025441a73dc0, 0x0000025441a73f78]
Event: 21.085 Thread 0x000002545485b000 10124       1       org.jetbrains.kotlin.ir.expressions.impl.IrWhenImpl::getBranches (5 bytes)
Event: 21.085 Thread 0x000002545485b000 nmethod 10124 0x0000025447984290 code [0x0000025447984440, 0x00000254479844f8]
Event: 21.087 Thread 0x0000025454859800 nmethod 10123 0x0000025447984590 code [0x0000025447984720, 0x0000025447984818]
Event: 21.094 Thread 0x0000025454859800 10126       4       java.util.ArrayList::remove (26 bytes)
Event: 21.094 Thread 0x000002545485b000 10128       3       org.jetbrains.kotlin.backend.common.IrElementTransformerVoidWithContext::visitFunction (38 bytes)

GC Heap History (20 events):
Event: 5.113 GC heap after
{Heap after GC invocations=4 (full 0):
 garbage-first heap   total 98304K, used 20490K [0x00000000a1400000, 0x0000000100000000)
  region size 1024K, 6 young (6144K), 6 survivors (6144K)
 Metaspace       used 32811K, capacity 33387K, committed 33532K, reserved 1079296K
  class space    used 4064K, capacity 4297K, committed 4348K, reserved 1048576K
}
Event: 5.579 GC heap before
{Heap before GC invocations=4 (full 0):
 garbage-first heap   total 98304K, used 31754K [0x00000000a1400000, 0x0000000100000000)
  region size 1024K, 18 young (18432K), 6 survivors (6144K)
 Metaspace       used 35479K, capacity 35959K, committed 36048K, reserved 1081344K
  class space    used 4349K, capacity 4557K, committed 4604K, reserved 1048576K
}
Event: 5.599 GC heap after
{Heap after GC invocations=5 (full 0):
 garbage-first heap   total 98304K, used 22352K [0x00000000a1400000, 0x0000000100000000)
  region size 1024K, 2 young (2048K), 2 survivors (2048K)
 Metaspace       used 35479K, capacity 35959K, committed 36048K, reserved 1081344K
  class space    used 4349K, capacity 4557K, committed 4604K, reserved 1048576K
}
Event: 7.004 GC heap before
{Heap before GC invocations=6 (full 0):
 garbage-first heap   total 98304K, used 56144K [0x00000000a1400000, 0x0000000100000000)
  region size 1024K, 35 young (35840K), 2 survivors (2048K)
 Metaspace       used 41964K, capacity 42501K, committed 42780K, reserved 1087488K
  class space    used 4976K, capacity 5176K, committed 5192K, reserved 1048576K
}
Event: 7.022 GC heap after
{Heap after GC invocations=7 (full 0):
 garbage-first heap   total 118784K, used 25127K [0x00000000a1400000, 0x0000000100000000)
  region size 1024K, 5 young (5120K), 5 survivors (5120K)
 Metaspace       used 41964K, capacity 42501K, committed 42780K, reserved 1087488K
  class space    used 4976K, capacity 5176K, committed 5192K, reserved 1048576K
}
Event: 8.554 GC heap before
{Heap before GC invocations=7 (full 0):
 garbage-first heap   total 118784K, used 71207K [0x00000000a1400000, 0x0000000100000000)
  region size 1024K, 49 young (50176K), 5 survivors (5120K)
 Metaspace       used 47831K, capacity 48404K, committed 48540K, reserved 1091584K
  class space    used 5602K, capacity 5797K, committed 5832K, reserved 1048576K
}
Event: 8.583 GC heap after
{Heap after GC invocations=8 (full 0):
 garbage-first heap   total 118784K, used 29187K [0x00000000a1400000, 0x0000000100000000)
  region size 1024K, 7 young (7168K), 7 survivors (7168K)
 Metaspace       used 47831K, capacity 48404K, committed 48540K, reserved 1091584K
  class space    used 5602K, capacity 5797K, committed 5832K, reserved 1048576K
}
Event: 10.829 GC heap before
{Heap before GC invocations=8 (full 0):
 garbage-first heap   total 118784K, used 75267K [0x00000000a1400000, 0x0000000100000000)
  region size 1024K, 52 young (53248K), 7 survivors (7168K)
 Metaspace       used 51435K, capacity 51979K, committed 52124K, reserved 1095680K
  class space    used 5837K, capacity 6039K, committed 6088K, reserved 1048576K
}
Event: 10.879 GC heap after
{Heap after GC invocations=9 (full 0):
 garbage-first heap   total 118784K, used 36787K [0x00000000a1400000, 0x0000000100000000)
  region size 1024K, 7 young (7168K), 7 survivors (7168K)
 Metaspace       used 51435K, capacity 51979K, committed 52124K, reserved 1095680K
  class space    used 5837K, capacity 6039K, committed 6088K, reserved 1048576K
}
Event: 11.661 GC heap before
{Heap before GC invocations=9 (full 0):
 garbage-first heap   total 118784K, used 79795K [0x00000000a1400000, 0x0000000100000000)
  region size 1024K, 49 young (50176K), 7 survivors (7168K)
 Metaspace       used 51920K, capacity 52509K, committed 52764K, reserved 1095680K
  class space    used 5867K, capacity 6109K, committed 6216K, reserved 1048576K
}
Event: 11.701 GC heap after
{Heap after GC invocations=10 (full 0):
 garbage-first heap   total 118784K, used 41984K [0x00000000a1400000, 0x0000000100000000)
  region size 1024K, 5 young (5120K), 5 survivors (5120K)
 Metaspace       used 51920K, capacity 52509K, committed 52764K, reserved 1095680K
  class space    used 5867K, capacity 6109K, committed 6216K, reserved 1048576K
}
Event: 12.706 GC heap before
{Heap before GC invocations=10 (full 0):
 garbage-first heap   total 118784K, used 82944K [0x00000000a1400000, 0x0000000100000000)
  region size 1024K, 45 young (46080K), 5 survivors (5120K)
 Metaspace       used 55197K, capacity 55898K, committed 56220K, reserved 1099776K
  class space    used 6244K, capacity 6513K, committed 6600K, reserved 1048576K
}
Event: 12.735 GC heap after
{Heap after GC invocations=11 (full 0):
 garbage-first heap   total 143360K, used 44981K [0x00000000a1400000, 0x0000000100000000)
  region size 1024K, 3 young (3072K), 3 survivors (3072K)
 Metaspace       used 55197K, capacity 55898K, committed 56220K, reserved 1099776K
  class space    used 6244K, capacity 6513K, committed 6600K, reserved 1048576K
}
Event: 14.835 GC heap before
{Heap before GC invocations=11 (full 0):
 garbage-first heap   total 143360K, used 69557K [0x00000000a1400000, 0x0000000100000000)
  region size 1024K, 28 young (28672K), 3 survivors (3072K)
 Metaspace       used 59761K, capacity 60493K, committed 60572K, reserved 1103872K
  class space    used 6765K, capacity 7083K, committed 7112K, reserved 1048576K
}
Event: 14.861 GC heap after
{Heap after GC invocations=12 (full 0):
 garbage-first heap   total 143360K, used 48548K [0x00000000a1400000, 0x0000000100000000)
  region size 1024K, 7 young (7168K), 7 survivors (7168K)
 Metaspace       used 59761K, capacity 60493K, committed 60572K, reserved 1103872K
  class space    used 6765K, capacity 7083K, committed 7112K, reserved 1048576K
}
Event: 18.009 GC heap before
{Heap before GC invocations=13 (full 0):
 garbage-first heap   total 143360K, used 95652K [0x00000000a1400000, 0x0000000100000000)
  region size 1024K, 53 young (54272K), 7 survivors (7168K)
 Metaspace       used 65810K, capacity 66582K, committed 66716K, reserved 1107968K
  class space    used 7295K, capacity 7615K, committed 7624K, reserved 1048576K
}
Event: 18.038 GC heap after
{Heap after GC invocations=14 (full 0):
 garbage-first heap   total 143360K, used 53484K [0x00000000a1400000, 0x0000000100000000)
  region size 1024K, 5 young (5120K), 5 survivors (5120K)
 Metaspace       used 65810K, capacity 66582K, committed 66716K, reserved 1107968K
  class space    used 7295K, capacity 7615K, committed 7624K, reserved 1048576K
}
Event: 19.720 GC heap before
{Heap before GC invocations=14 (full 0):
 garbage-first heap   total 143360K, used 100588K [0x00000000a1400000, 0x0000000100000000)
  region size 1024K, 51 young (52224K), 5 survivors (5120K)
 Metaspace       used 68648K, capacity 69433K, committed 69532K, reserved 1112064K
  class space    used 7542K, capacity 7840K, committed 7880K, reserved 1048576K
}
Event: 19.745 GC heap after
{Heap after GC invocations=15 (full 0):
 garbage-first heap   total 143360K, used 57979K [0x00000000a1400000, 0x0000000100000000)
  region size 1024K, 5 young (5120K), 5 survivors (5120K)
 Metaspace       used 68648K, capacity 69433K, committed 69532K, reserved 1112064K
  class space    used 7542K, capacity 7840K, committed 7880K, reserved 1048576K
}
Event: 21.097 GC heap before
{Heap before GC invocations=15 (full 0):
 garbage-first heap   total 143360K, used 104059K [0x00000000a1400000, 0x0000000100000000)
  region size 1024K, 50 young (51200K), 5 survivors (5120K)
 Metaspace       used 71565K, capacity 72314K, committed 72604K, reserved 1114112K
  class space    used 7784K, capacity 8096K, committed 8136K, reserved 1048576K
}

Deoptimization events (20 events):
Event: 20.961 Thread 0x000002543bfdf800 Uncommon trap: trap_request=0xffffffc6 fr.pc=0x0000025447943fe0 relative=0x0000000000000540
Event: 20.961 Thread 0x000002543bfdf800 Uncommon trap: reason=bimorphic_or_optimized_type_check action=maybe_recompile pc=0x0000025447943fe0 method=org.jetbrains.kotlin.descriptors.DescriptorVisibility.isPublicAPI()Z @ 1 c2
Event: 20.961 Thread 0x000002543bfdf800 DEOPT PACKING pc=0x0000025447943fe0 sp=0x000000b0309fc700
Event: 20.961 Thread 0x000002543bfdf800 DEOPT UNPACKING pc=0x000002543fb4a1af sp=0x000000b0309fc4d0 mode 2
Event: 20.961 Thread 0x000002543bfdf800 Uncommon trap: trap_request=0xffffffc6 fr.pc=0x0000025447943fe0 relative=0x0000000000000540
Event: 20.961 Thread 0x000002543bfdf800 Uncommon trap: reason=bimorphic_or_optimized_type_check action=maybe_recompile pc=0x0000025447943fe0 method=org.jetbrains.kotlin.descriptors.DescriptorVisibility.isPublicAPI()Z @ 1 c2
Event: 20.961 Thread 0x000002543bfdf800 DEOPT PACKING pc=0x0000025447943fe0 sp=0x000000b0309fc650
Event: 20.961 Thread 0x000002543bfdf800 DEOPT UNPACKING pc=0x000002543fb4a1af sp=0x000000b0309fc420 mode 2
Event: 20.961 Thread 0x000002543bfdf800 Uncommon trap: trap_request=0xffffffc6 fr.pc=0x0000025447943fe0 relative=0x0000000000000540
Event: 20.961 Thread 0x000002543bfdf800 Uncommon trap: reason=bimorphic_or_optimized_type_check action=maybe_recompile pc=0x0000025447943fe0 method=org.jetbrains.kotlin.descriptors.DescriptorVisibility.isPublicAPI()Z @ 1 c2
Event: 20.961 Thread 0x000002543bfdf800 DEOPT PACKING pc=0x0000025447943fe0 sp=0x000000b0309fc690
Event: 20.961 Thread 0x000002543bfdf800 DEOPT UNPACKING pc=0x000002543fb4a1af sp=0x000000b0309fc460 mode 2
Event: 20.961 Thread 0x000002543bfdf800 Uncommon trap: trap_request=0xffffffc6 fr.pc=0x0000025447943fe0 relative=0x0000000000000540
Event: 20.961 Thread 0x000002543bfdf800 Uncommon trap: reason=bimorphic_or_optimized_type_check action=maybe_recompile pc=0x0000025447943fe0 method=org.jetbrains.kotlin.descriptors.DescriptorVisibility.isPublicAPI()Z @ 1 c2
Event: 20.961 Thread 0x000002543bfdf800 DEOPT PACKING pc=0x0000025447943fe0 sp=0x000000b0309fc610
Event: 20.962 Thread 0x000002543bfdf800 DEOPT UNPACKING pc=0x000002543fb4a1af sp=0x000000b0309fc3e0 mode 2
Event: 20.962 Thread 0x000002543bfdf800 Uncommon trap: trap_request=0xffffffc6 fr.pc=0x000002544794596c relative=0x000000000000054c
Event: 20.962 Thread 0x000002543bfdf800 Uncommon trap: reason=bimorphic_or_optimized_type_check action=maybe_recompile pc=0x000002544794596c method=org.jetbrains.kotlin.descriptors.DescriptorVisibility.isPublicAPI()Z @ 1 c2
Event: 20.962 Thread 0x000002543bfdf800 DEOPT PACKING pc=0x000002544794596c sp=0x000000b0309fcaa0
Event: 20.962 Thread 0x000002543bfdf800 DEOPT UNPACKING pc=0x000002543fb4a1af sp=0x000000b0309fc8f8 mode 2

Classes redefined (0 events):
No events

Internal exceptions (20 events):
Event: 9.550 Thread 0x000002543bfdf800 Exception <a 'java/lang/NoSuchMethodError'{0x00000000a7013e28}: 'java.lang.Object java.lang.invoke.DirectMethodHandle$Holder.invokeStaticInit(java.lang.Object, java.lang.Object, java.lang.Object)'> (0x00000000a7013e28) thrown at [src/hotspot/share/interpreter/linkResolver.cpp, line 773]
Event: 11.444 Thread 0x000002543bfdf800 Exception <a 'java/lang/NoSuchMethodError'{0x00000000a790f998}: 'int java.lang.invoke.DirectMethodHandle$Holder.invokeInterface(java.lang.Object, java.lang.Object)'> (0x00000000a790f998) thrown at [src/hotspot/share/interpreter/linkResolver.cpp, line 773]
Event: 11.978 Thread 0x000002543bfdf800 Exception <a 'java/lang/NoSuchMethodError'{0x00000000a7497308}: 'java.lang.Object java.lang.invoke.Invokers$Holder.linkToTargetMethod(java.lang.Object, java.lang.Object, java.lang.Object, int, int, java.lang.Object)'> (0x00000000a7497308) thrown at [src/hotspot/share/interpreter/linkResolver.cpp, line 773]
Event: 12.014 Thread 0x000002543bfdf800 Exception <a 'java/lang/NoSuchMethodError'{0x00000000a7308360}: 'java.lang.Object java.lang.invoke.Invokers$Holder.linkToTargetMethod(java.lang.Object, java.lang.Object, java.lang.Object, java.lang.Object, java.lang.Object, java.lang.Object)'> (0x00000000a7308360) thrown at [src/hotspot/share/interpreter/linkResolver.cpp, line 773]
Event: 12.271 Thread 0x000002543bfdf800 Implicit null exception at 0x00000254476ecd4c to 0x00000254476ece28
Event: 13.016 Thread 0x000002543bfdf800 Exception <a 'java/lang/NoSuchMethodError'{0x00000000a9d986b8}: 'java.lang.Object java.lang.invoke.Invokers$Holder.linkToTargetMethod(java.lang.Object, java.lang.Object, java.lang.Object, java.lang.Object, java.lang.Object, java.lang.Object, java.lang.Object)'> (0x00000000a9d986b8) thrown at [src/hotspot/share/interpreter/linkResolver.cpp, line 773]
Event: 13.050 Thread 0x000002543bfdf800 Implicit null exception at 0x00000254476209de to 0x000002544762114a
Event: 13.050 Thread 0x000002543bfdf800 Implicit null exception at 0x000002544761dd2f to 0x000002544761dd9d
Event: 13.098 Thread 0x000002543bfdf800 Exception <a 'java/lang/NoSuchMethodError'{0x00000000a9ce53e8}: 'java.lang.Object java.lang.invoke.DirectMethodHandle$Holder.invokeInterface(java.lang.Object, java.lang.Object, java.lang.Object)'> (0x00000000a9ce53e8) thrown at [src/hotspot/share/interpreter/linkResolver.cpp, line 773]
Event: 13.098 Thread 0x000002543bfdf800 Exception <a 'java/lang/IncompatibleClassChangeError'{0x00000000a9ce88c0}: Found class java.lang.Object, but interface was expected> (0x00000000a9ce88c0) thrown at [src/hotspot/share/interpreter/linkResolver.cpp, line 839]
Event: 13.252 Thread 0x000002543bfdf800 Exception <a 'java/lang/NoSuchMethodError'{0x00000000a9a5e4a0}: 'java.lang.Object java.lang.invoke.DirectMethodHandle$Holder.invokeStatic(java.lang.Object, int, java.lang.Object, java.lang.Object)'> (0x00000000a9a5e4a0) thrown at [src/hotspot/share/interpreter/linkResolver.cpp, line 773]
Event: 13.254 Thread 0x000002543bfdf800 Exception <a 'java/lang/NoSuchMethodError'{0x00000000a9a66010}: 'java.lang.Object java.lang.invoke.DirectMethodHandle$Holder.invokeStatic(java.lang.Object, int, java.lang.Object)'> (0x00000000a9a66010) thrown at [src/hotspot/share/interpreter/linkResolver.cpp, line 773]
Event: 14.526 Thread 0x000002543bfdf800 Exception <a 'java/lang/NoSuchMethodError'{0x00000000a8b98020}: 'void java.lang.invoke.DirectMethodHandle$Holder.invokeInterface(java.lang.Object, java.lang.Object)'> (0x00000000a8b98020) thrown at [src/hotspot/share/interpreter/linkResolver.cpp, line 773]
Event: 14.604 Thread 0x000002543bfdf800 Exception <a 'java/lang/NoSuchMethodError'{0x00000000a8ab0f90}: 'java.lang.Object java.lang.invoke.DirectMethodHandle$Holder.invokeSpecial(java.lang.Object, java.lang.Object, java.lang.Object, java.lang.Object, java.lang.Object, int)'> (0x00000000a8ab0f90) thrown at [src/hotspot/share/interpreter/linkResolver.cpp, line 773]
Event: 14.605 Thread 0x000002543bfdf800 Exception <a 'java/lang/NoSuchMethodError'{0x00000000a8ab5080}: 'java.lang.Object java.lang.invoke.Invokers$Holder.linkToTargetMethod(java.lang.Object, java.lang.Object, java.lang.Object, int, java.lang.Object)'> (0x00000000a8ab5080) thrown at [src/hotspot/share/interpreter/linkResolver.cpp, line 773]
Event: 15.314 Thread 0x000002543bfdf800 Exception <a 'java/lang/NoSuchMethodError'{0x00000000a9c11e40}: 'int java.lang.invoke.DirectMethodHandle$Holder.invokeStaticInit(java.lang.Object, int)'> (0x00000000a9c11e40) thrown at [src/hotspot/share/interpreter/linkResolver.cpp, line 773]
Event: 15.351 Thread 0x000002543bfdf800 Implicit null exception at 0x00000254477c06fc to 0x00000254477c18f8
Event: 17.062 Thread 0x000002543bfdf800 Implicit null exception at 0x0000025447618e75 to 0x000002544761903c
Event: 17.991 Thread 0x000002543bfdf800 Exception <a 'java/lang/NoSuchMethodError'{0x00000000a6b5afa8}: 'int java.lang.invoke.DirectMethodHandle$Holder.invokeStaticInit(java.lang.Object, java.lang.Object, java.lang.Object, java.lang.Object)'> (0x00000000a6b5afa8) thrown at [src/hotspot/share/interpreter/linkResolver.cpp, line 773]
Event: 19.939 Thread 0x000002543bfdf800 Implicit null exception at 0x00000254476255f4 to 0x000002544762580c

Events (20 events):
Event: 21.073 loading class org/jetbrains/kotlin/backend/common/lower/InventNamesForLocalClasses$Data done
Event: 21.074 loading class org/jetbrains/kotlin/ir/declarations/IrDeclarationOrigin$FOR_LOOP_ITERATOR
Event: 21.074 loading class org/jetbrains/kotlin/ir/declarations/IrDeclarationOrigin$FOR_LOOP_ITERATOR done
Event: 21.079 loading class org/jetbrains/kotlin/backend/common/lower/KCallableNamePropertyLowering
Event: 21.079 loading class org/jetbrains/kotlin/backend/common/lower/KCallableNamePropertyLowering done
Event: 21.080 loading class org/jetbrains/kotlin/backend/common/lower/KCallableNamePropertyTransformer
Event: 21.080 loading class org/jetbrains/kotlin/backend/common/lower/KCallableNamePropertyTransformer done
Event: 21.082 loading class org/jetbrains/kotlin/backend/jvm/lower/AnnotationLowering
Event: 21.082 loading class org/jetbrains/kotlin/backend/jvm/lower/AnnotationLowering done
Event: 21.085 loading class org/jetbrains/kotlin/backend/common/lower/AnnotationImplementationLowering
Event: 21.085 loading class org/jetbrains/kotlin/backend/common/lower/AnnotationImplementationLowering done
Event: 21.087 loading class org/jetbrains/kotlin/backend/jvm/lower/JvmAnnotationImplementationTransformerKt$annotationImplementationPhase$1$1
Event: 21.087 loading class org/jetbrains/kotlin/backend/jvm/lower/JvmAnnotationImplementationTransformerKt$annotationImplementationPhase$1$1 done
Event: 21.088 loading class org/jetbrains/kotlin/backend/jvm/lower/JvmAnnotationImplementationTransformer
Event: 21.088 loading class org/jetbrains/kotlin/backend/jvm/lower/JvmAnnotationImplementationTransformer done
Event: 21.090 loading class org/jetbrains/kotlin/backend/common/lower/AnnotationImplementationTransformer
Event: 21.090 loading class org/jetbrains/kotlin/backend/common/lower/AnnotationImplementationTransformer done
Event: 21.095 loading class org/jetbrains/kotlin/backend/jvm/lower/PolymorphicSignatureLowering
Event: 21.095 loading class org/jetbrains/kotlin/backend/jvm/lower/PolymorphicSignatureLowering done
Event: 21.097 Executing VM operation: G1CollectForAllocation


Dynamic libraries:
0x00007ff601f10000 - 0x00007ff601f1a000 	C:\Program Files\Android\Android Studio\jbr\bin\java.exe
0x00007ffe6fe90000 - 0x00007ffe700a4000 	C:\WINDOWS\SYSTEM32\ntdll.dll
0x00007ffe6f670000 - 0x00007ffe6f732000 	C:\WINDOWS\System32\KERNEL32.DLL
0x00007ffe6d630000 - 0x00007ffe6d9d3000 	C:\WINDOWS\System32\KERNELBASE.dll
0x00007ffe6d490000 - 0x00007ffe6d5a1000 	C:\WINDOWS\System32\ucrtbase.dll
0x00007ffe4b700000 - 0x00007ffe4b717000 	C:\Program Files\Android\Android Studio\jbr\bin\jli.dll
0x00007ffe6ea70000 - 0x00007ffe6ec1b000 	C:\WINDOWS\System32\USER32.dll
0x00007ffe6daa0000 - 0x00007ffe6dac6000 	C:\WINDOWS\System32\win32u.dll
0x00007ffe6e930000 - 0x00007ffe6e959000 	C:\WINDOWS\System32\GDI32.dll
0x00007ffe6db70000 - 0x00007ffe6dc88000 	C:\WINDOWS\System32\gdi32full.dll
0x00007ffe6dad0000 - 0x00007ffe6db6a000 	C:\WINDOWS\System32\msvcp_win.dll
0x00007ffe44860000 - 0x00007ffe4487b000 	C:\Program Files\Android\Android Studio\jbr\bin\VCRUNTIME140.dll
0x00007ffe588d0000 - 0x00007ffe58b5e000 	C:\WINDOWS\WinSxS\amd64_microsoft.windows.common-controls_6595b64144ccf1df_6.0.22621.1635_none_270f70857386168e\COMCTL32.dll
0x00007ffe6f540000 - 0x00007ffe6f5e7000 	C:\WINDOWS\System32\msvcrt.dll
0x00007ffe6e840000 - 0x00007ffe6e871000 	C:\WINDOWS\System32\IMM32.DLL
0x00007ffe6a5e0000 - 0x00007ffe6a5ec000 	C:\Program Files\Android\Android Studio\jbr\bin\vcruntime140_1.dll
0x00007ffe349e0000 - 0x00007ffe34a6d000 	C:\Program Files\Android\Android Studio\jbr\bin\msvcp140.dll
0x00007ffe2c670000 - 0x00007ffe2d22c000 	C:\Program Files\Android\Android Studio\jbr\bin\server\jvm.dll
0x00007ffe6e960000 - 0x00007ffe6ea0e000 	C:\WINDOWS\System32\ADVAPI32.dll
0x00007ffe6ec20000 - 0x00007ffe6ecc4000 	C:\WINDOWS\System32\sechost.dll
0x00007ffe6fd30000 - 0x00007ffe6fe47000 	C:\WINDOWS\System32\RPCRT4.dll
0x00007ffe6df30000 - 0x00007ffe6df38000 	C:\WINDOWS\System32\PSAPI.DLL
0x00007ffdfea60000 - 0x00007ffdfea69000 	C:\WINDOWS\SYSTEM32\WSOCK32.dll
0x00007ffe6f5f0000 - 0x00007ffe6f661000 	C:\WINDOWS\System32\WS2_32.dll
0x00007ffe64f60000 - 0x00007ffe64f94000 	C:\WINDOWS\SYSTEM32\WINMM.dll
0x00007ffe65b20000 - 0x00007ffe65b2a000 	C:\WINDOWS\SYSTEM32\VERSION.dll
0x00007ffe6c300000 - 0x00007ffe6c318000 	C:\WINDOWS\SYSTEM32\kernel.appcore.dll
0x00007ffe58bd0000 - 0x00007ffe58be0000 	C:\Program Files\Android\Android Studio\jbr\bin\verify.dll
0x00007ffe5a490000 - 0x00007ffe5a6be000 	C:\WINDOWS\SYSTEM32\DBGHELP.DLL
0x00007ffe6e030000 - 0x00007ffe6e3b9000 	C:\WINDOWS\System32\combase.dll
0x00007ffe6df50000 - 0x00007ffe6e027000 	C:\WINDOWS\System32\OLEAUT32.dll
0x00007ffe50d90000 - 0x00007ffe50dc2000 	C:\WINDOWS\SYSTEM32\dbgcore.DLL
0x00007ffe6d5b0000 - 0x00007ffe6d62b000 	C:\WINDOWS\System32\bcryptPrimitives.dll
0x00007ffe2db00000 - 0x00007ffe2db28000 	C:\Program Files\Android\Android Studio\jbr\bin\java.dll
0x00007ffe41390000 - 0x00007ffe4139a000 	C:\Program Files\Android\Android Studio\jbr\bin\jimage.dll
0x00007ffe2dae0000 - 0x00007ffe2daf8000 	C:\Program Files\Android\Android Studio\jbr\bin\zip.dll
0x00007ffe6ed40000 - 0x00007ffe6f53a000 	C:\WINDOWS\System32\SHELL32.dll
0x00007ffe6b2b0000 - 0x00007ffe6bb7e000 	C:\WINDOWS\SYSTEM32\windows.storage.dll
0x00007ffe6b170000 - 0x00007ffe6b2ae000 	C:\WINDOWS\SYSTEM32\wintypes.dll
0x00007ffe6f740000 - 0x00007ffe6f831000 	C:\WINDOWS\System32\SHCORE.dll
0x00007ffe6ece0000 - 0x00007ffe6ed3e000 	C:\WINDOWS\System32\shlwapi.dll
0x00007ffe6d1e0000 - 0x00007ffe6d201000 	C:\WINDOWS\SYSTEM32\profapi.dll
0x00007ffe2dac0000 - 0x00007ffe2dad9000 	C:\Program Files\Android\Android Studio\jbr\bin\net.dll
0x00007ffe65c00000 - 0x00007ffe65d37000 	C:\WINDOWS\SYSTEM32\WINHTTP.dll
0x00007ffe6c770000 - 0x00007ffe6c7d9000 	C:\WINDOWS\system32\mswsock.dll
0x00007ffe2daa0000 - 0x00007ffe2dab3000 	C:\Program Files\Android\Android Studio\jbr\bin\nio.dll

dbghelp: loaded successfully - version: 4.0.5 - missing functions: none
symbol engine: initialized successfully - sym options: 0x614 - pdb path: .;C:\Program Files\Android\Android Studio\jbr\bin;C:\WINDOWS\SYSTEM32;C:\WINDOWS\WinSxS\amd64_microsoft.windows.common-controls_6595b64144ccf1df_6.0.22621.1635_none_270f70857386168e;C:\Program Files\Android\Android Studio\jbr\bin\server

VM Arguments:
java_command: org.jetbrains.kotlin.cli.jvm.K2JVMCompiler @C:\Users\Jenifer\Downloads\lab-08\laboratorio08\Moviles 3\app\build\20230525_2146540429792462884.compiler.options
java_class_path (initial): C:\Users\Jenifer\.gradle\caches\modules-2\files-2.1\org.jetbrains.kotlin\kotlin-compiler-embeddable\1.6.10\88f2073f4020cdb83132cfe940ceb9a60aba54ea\kotlin-compiler-embeddable-1.6.10.jar;C:\Users\Jenifer\.gradle\caches\modules-2\files-2.1\org.jetbrains.kotlin\kotlin-reflect\1.6.10\1cbe9c92c12a94eea200d23c2bbaedaf3daf5132\kotlin-reflect-1.6.10.jar;C:\Users\Jenifer\.gradle\caches\modules-2\files-2.1\org.jetbrains.kotlin\kotlin-stdlib\1.6.10\b8af3fe6f1ca88526914929add63cf5e7c5049af\kotlin-stdlib-1.6.10.jar;C:\Users\Jenifer\.gradle\caches\modules-2\files-2.1\org.jetbrains.kotlin\kotlin-script-runtime\1.6.10\d0a7ff2e2500ef497ed0214ae40ad3c8387a6164\kotlin-script-runtime-1.6.10.jar;C:\Users\Jenifer\.gradle\caches\modules-2\files-2.1\org.jetbrains.kotlin\kotlin-daemon-embeddable\1.6.10\a56d79bcbea411fa6058e4ecffc2de73e742bd2a\kotlin-daemon-embeddable-1.6.10.jar;C:\Users\Jenifer\.gradle\caches\modules-2\files-2.1\org.jetbrains.intellij.deps\trove4j\1.0.20181211\216c2e14b070f334479d800987affe4054cd563f\trove4j-1.0.20181211.jar;C:\Users\Jenifer\.gradle\caches\modules-2\files-2.1\net.java.dev.jna\jna\5.6.0\330f2244e9030119ab3030fc3fededc86713d9cc\jna-5.6.0.jar;C:\Users\Jenifer\.gradle\caches\modules-2\files-2.1\org.jetbrains\annotations\13.0\919f0dfe192fb4e063e7dacadee7f8bb9a2672a9\annotations-13.0.jar;C:\Users\Jenifer\.gradle\caches\modules-2\files-2.1\org.jetbrains.kotlin\kotlin-stdlib-common\1.6.10\c118700e3a33c8a0d9adc920e9dec0831171925\kotlin-stdlib-common-1.6.10.jar
Launcher Type: SUN_STANDARD

[Global flags]
     intx CICompilerCount                          = 3                                         {product} {ergonomic}
     uint ConcGCThreads                            = 1                                         {product} {ergonomic}
     uint G1ConcRefinementThreads                  = 4                                         {product} {ergonomic}
   size_t G1HeapRegionSize                         = 1048576                                   {product} {ergonomic}
    uintx GCDrainStackTargetSize                   = 64                                        {product} {ergonomic}
   size_t InitialHeapSize                          = 100663296                                 {product} {ergonomic}
   size_t MarkStackSize                            = 4194304                                   {product} {ergonomic}
   size_t MaxHeapSize                              = 1589641216                                {product} {ergonomic}
   size_t MaxNewSize                               = 953155584                                 {product} {ergonomic}
   size_t MinHeapDeltaBytes                        = 1048576                                   {product} {ergonomic}
    uintx NonNMethodCodeHeapSize                   = 5830732                                {pd product} {ergonomic}
    uintx NonProfiledCodeHeapSize                  = 122913754                              {pd product} {ergonomic}
    uintx ProfiledCodeHeapSize                     = 122913754                              {pd product} {ergonomic}
    uintx ReservedCodeCacheSize                    = 251658240                              {pd product} {ergonomic}
     bool SegmentedCodeCache                       = true                                      {product} {ergonomic}
     bool UseCompressedClassPointers               = true                                 {lp64_product} {ergonomic}
     bool UseCompressedOops                        = true                                 {lp64_product} {ergonomic}
     bool UseG1GC                                  = true                                      {product} {ergonomic}
     bool UseLargePagesIndividualAllocation        = false                                  {pd product} {ergonomic}

Logging:
Log output configuration:
 #0: stdout all=warning uptime,level,tags
 #1: stderr all=off uptime,level,tags

Environment Variables:
PATH=C:\Program Files\Common Files\Oracle\Java\javapath;C:\WINDOWS\system32;C:\WINDOWS;C:\WINDOWS\System32\Wbem;C:\WINDOWS\System32\WindowsPowerShell\v1.0\;C:\WINDOWS\System32\OpenSSH\;C:\Program Files\nodejs\;C:\Program Files\MongoDB\Server\5.0\bin;C:\Program Files\Git\cmd;C:\xampp\php;D:\bin\apache-maven-3.9.1-bin\apache-maven-3.9.1\bin;C:\Program Files\MySQL\MySQL Shell 8.0\bin\;C:\Users\Jenifer\AppData\Local\Programs\Python\Python311;C:\Users\Jenifer\AppData\Local\Microsoft\WindowsApps;C:\Users\Jenifer\AppData\Roaming\npm;C:\Users\Jenifer\AppData\Local\Programs\Microsoft VS Code\bin;C:\Users\Jenifer\AppData\Roaming\Microsoft\Windows\Start Menu\Programs\Python 3.11;C:\Users\jenifer\AppData\Local\Programs\Python\Python311\Scripts;D:\bin\apache-maven-3.9.1-bin\apache-maven-3.9.1\bin
USERNAME=Jenifer
OS=Windows_NT
PROCESSOR_IDENTIFIER=AMD64 Family 23 Model 24 Stepping 1, AuthenticAMD



---------------  S Y S T E M  ---------------

OS: Windows 11 , 64 bit Build 22621 (10.0.22621.1635)
OS uptime: 0 days 0:41 hours

CPU:total 4 (initial active 4) (4 cores per cpu, 2 threads per core) family 23 model 24 stepping 1 microcode 0x0, cmov, cx8, fxsr, mmx, sse, sse2, sse3, ssse3, sse4.1, sse4.2, popcnt, avx, avx2, aes, clmul, mmxext, 3dnowpref, lzcnt, sse4a, ht, tsc, tscinvbit, tscinv, bmi1, bmi2, adx, sha, fma

Memory: 4k page, system-wide physical 6058M (254M free)
TotalPageFile size 8106M (AvailPageFile size 28M)
current process WorkingSet (physical memory assigned to process): 312M, peak: 322M
current process commit charge ("private bytes"): 342M, peak: 370M

vm_info: OpenJDK 64-Bit Server VM (11.0.15+0-b2043.56-9505619) for windows-amd64 JRE (11.0.15+0-b2043.56-9505619), built on Jan 19 2023 02:48:00 by "builduser" with unknown MS VC++:1929

END.
