#
# There is insufficient memory for the Java Runtime Environment to continue.
# Native memory allocation (malloc) failed to allocate 206736 bytes for Chunk::new
# Possible reasons:
#   The system is out of physical RAM or swap space
#   The process is running with CompressedOops enabled, and the Java Heap may be blocking the growth of the native heap
# Possible solutions:
#   Reduce memory load on the system
#   Increase physical memory or swap space
#   Check if swap backing store is full
#   Decrease Java heap size (-Xmx/-Xms)
#   Decrease number of Java threads
#   Decrease Java thread stack sizes (-Xss)
#   Set larger code cache with -XX:ReservedCodeCacheSize=
#   JVM is running with Unscaled Compressed Oops mode in which the Java heap is
#     placed in the first 4GB address space. The Java Heap base address is the
#     maximum limit for the native heap growth. Please use -XX:HeapBaseMinAddress
#     to set the Java Heap base and to place the Java Heap above 4GB virtual address.
# This output file may be truncated or incomplete.
#
#  Out of Memory Error (src/hotspot/share/memory/arena.cpp:197), pid=8556, tid=11400
#
# JRE version: OpenJDK Runtime Environment (11.0.15) (build 11.0.15+0-b2043.56-9505619)
# Java VM: OpenJDK 64-Bit Server VM (11.0.15+0-b2043.56-9505619, mixed mode, tiered, compressed oops, g1 gc, windows-amd64)
# No core dump will be written. Minidumps are not enabled by default on client versions of Windows
#

---------------  S U M M A R Y ------------

Command Line: org.jetbrains.kotlin.cli.jvm.K2JVMCompiler @C:\Users\Jenifer\Downloads\lab-08\laboratorio08\Moviles 3\app\build\20230525_12097773877828673960.compiler.options

Host: AMD Ryzen 3 3250U with Radeon Graphics         , 4 cores, 5G,  Windows 11 , 64 bit Build 22621 (10.0.22621.1635)
Time: Thu May 25 23:21:42 2023 Hora est. Pacífico, Sudamérica elapsed time: 1.717157 seconds (0d 0h 0m 1s)

---------------  T H R E A D  ---------------

Current thread (0x0000021173e4a800):  JavaThread "C2 CompilerThread0" daemon [_thread_in_native, id=11400, stack(0x000000522f800000,0x000000522f900000)]


Current CompileTask:
C2:   1717  796   !   4       java.util.zip.ZipFile::getEntry (73 bytes)

Stack: [0x000000522f800000,0x000000522f900000]
Native frames: (J=compiled Java code, j=interpreted, Vv=VM code, C=native code)
V  [jvm.dll+0x64135a]
V  [jvm.dll+0x7d39f9]
V  [jvm.dll+0x7d51b9]
V  [jvm.dll+0x7d58a3]
V  [jvm.dll+0x2691c5]
V  [jvm.dll+0xc1a5c]
V  [jvm.dll+0xc200c]
V  [jvm.dll+0x3774a7]
V  [jvm.dll+0x342495]
V  [jvm.dll+0x34186a]
V  [jvm.dll+0x2214bd]
V  [jvm.dll+0x220498]
V  [jvm.dll+0x19e851]
V  [jvm.dll+0x230479]
V  [jvm.dll+0x22e5ef]
V  [jvm.dll+0x794de1]
V  [jvm.dll+0x78dc24]
V  [jvm.dll+0x6400f6]
C  [ucrtbase.dll+0x29363]
C  [KERNEL32.DLL+0x126ad]
C  [ntdll.dll+0x5a9f8]


---------------  P R O C E S S  ---------------

Threads class SMR info:
_java_thread_list=0x00000211749357a0, length=10, elements={
0x000002115967f000, 0x0000021173dfe800, 0x0000021173e23800, 0x0000021173e41000,
0x0000021173e45000, 0x0000021173e46000, 0x0000021173e4a800, 0x0000021173e5c800,
0x0000021173e79000, 0x0000021174948000
}

Java Threads: ( => current thread )
  0x000002115967f000 JavaThread "main" [_thread_in_Java, id=12204, stack(0x000000522ec00000,0x000000522ed00000)]
  0x0000021173dfe800 JavaThread "Reference Handler" daemon [_thread_blocked, id=11276, stack(0x000000522f300000,0x000000522f400000)]
  0x0000021173e23800 JavaThread "Finalizer" daemon [_thread_blocked, id=13964, stack(0x000000522f400000,0x000000522f500000)]
  0x0000021173e41000 JavaThread "Signal Dispatcher" daemon [_thread_blocked, id=6400, stack(0x000000522f500000,0x000000522f600000)]
  0x0000021173e45000 JavaThread "Attach Listener" daemon [_thread_blocked, id=3424, stack(0x000000522f600000,0x000000522f700000)]
  0x0000021173e46000 JavaThread "Service Thread" daemon [_thread_blocked, id=11408, stack(0x000000522f700000,0x000000522f800000)]
=>0x0000021173e4a800 JavaThread "C2 CompilerThread0" daemon [_thread_in_native, id=11400, stack(0x000000522f800000,0x000000522f900000)]
  0x0000021173e5c800 JavaThread "C1 CompilerThread0" daemon [_thread_in_native, id=14160, stack(0x000000522f900000,0x000000522fa00000)]
  0x0000021173e79000 JavaThread "Sweeper thread" daemon [_thread_blocked, id=7528, stack(0x000000522fa00000,0x000000522fb00000)]
  0x0000021174948000 JavaThread "Common-Cleaner" daemon [_thread_blocked, id=12488, stack(0x000000522fc00000,0x000000522fd00000)]

Other Threads:
  0x0000021173dfc800 VMThread "VM Thread" [stack: 0x000000522f200000,0x000000522f300000] [id=11796]
  0x000002117493c000 WatcherThread [stack: 0x000000522fb00000,0x000000522fc00000] [id=13052]
  0x0000021159697000 GCTaskThread "GC Thread#0" [stack: 0x000000522ed00000,0x000000522ee00000] [id=12148]
  0x0000021174d0c000 GCTaskThread "GC Thread#1" [stack: 0x000000522fd00000,0x000000522fe00000] [id=7900]
  0x00000211596bb800 ConcurrentGCThread "G1 Main Marker" [stack: 0x000000522ee00000,0x000000522ef00000] [id=3616]
  0x00000211596bf000 ConcurrentGCThread "G1 Conc#0" [stack: 0x000000522ef00000,0x000000522f000000] [id=3612]
  0x0000021159731800 ConcurrentGCThread "G1 Refine#0" [stack: 0x000000522f000000,0x000000522f100000] [id=11800]
  0x0000021159733800 ConcurrentGCThread "G1 Young RemSet Sampling" [stack: 0x000000522f100000,0x000000522f200000] [id=12040]

Threads with active compile tasks:
C2 CompilerThread0     1751  796   !   4       java.util.zip.ZipFile::getEntry (73 bytes)
C1 CompilerThread0     1751  893       3       kotlin.reflect.jvm.internal.impl.storage.DefaultSimpleLock::unlock (10 bytes)

VM state:not at safepoint (normal execution)

VM Mutex/Monitor currently owned by a thread: None

Heap address: 0x00000000a1400000, size: 1516 MB, Compressed Oops mode: 32-bit
Narrow klass base: 0x0000000000000000, Narrow klass shift: 3
Compressed class space size: 1073741824 Address: 0x0000000100000000

Heap:
 garbage-first heap   total 98304K, used 23641K [0x00000000a1400000, 0x0000000100000000)
  region size 1024K, 21 young (21504K), 2 survivors (2048K)
 Metaspace       used 13981K, capacity 14072K, committed 14208K, reserved 1067008K
  class space    used 1350K, capacity 1367K, committed 1408K, reserved 1048576K
Heap Regions: E=young(eden), S=young(survivor), O=old, HS=humongous(starts), HC=humongous(continues), CS=collection set, F=free, A=archive, TAMS=top-at-mark-start (previous, next)
|   0|0x00000000a1400000, 0x00000000a1500000, 0x00000000a1500000|100%|HS|  |TAMS 0x00000000a1400000, 0x00000000a1400000| Complete 
|   1|0x00000000a1500000, 0x00000000a1600000, 0x00000000a1600000|100%|HC|  |TAMS 0x00000000a1500000, 0x00000000a1500000| Complete 
|   2|0x00000000a1600000, 0x00000000a1700000, 0x00000000a1700000|100%|HC|  |TAMS 0x00000000a1600000, 0x00000000a1600000| Complete 
|   3|0x00000000a1700000, 0x00000000a1700000, 0x00000000a1800000|  0%| F|  |TAMS 0x00000000a1700000, 0x00000000a1700000| Untracked 
|   4|0x00000000a1800000, 0x00000000a1816400, 0x00000000a1900000|  8%| O|  |TAMS 0x00000000a1800000, 0x00000000a1800000| Untracked 
|   5|0x00000000a1900000, 0x00000000a1900000, 0x00000000a1a00000|  0%| F|  |TAMS 0x00000000a1900000, 0x00000000a1900000| Untracked 
|   6|0x00000000a1a00000, 0x00000000a1a00000, 0x00000000a1b00000|  0%| F|  |TAMS 0x00000000a1a00000, 0x00000000a1a00000| Untracked 
|   7|0x00000000a1b00000, 0x00000000a1b00000, 0x00000000a1c00000|  0%| F|  |TAMS 0x00000000a1b00000, 0x00000000a1b00000| Untracked 
|   8|0x00000000a1c00000, 0x00000000a1c00000, 0x00000000a1d00000|  0%| F|  |TAMS 0x00000000a1c00000, 0x00000000a1c00000| Untracked 
|   9|0x00000000a1d00000, 0x00000000a1d00000, 0x00000000a1e00000|  0%| F|  |TAMS 0x00000000a1d00000, 0x00000000a1d00000| Untracked 
|  10|0x00000000a1e00000, 0x00000000a1e00000, 0x00000000a1f00000|  0%| F|  |TAMS 0x00000000a1e00000, 0x00000000a1e00000| Untracked 
|  11|0x00000000a1f00000, 0x00000000a1f00000, 0x00000000a2000000|  0%| F|  |TAMS 0x00000000a1f00000, 0x00000000a1f00000| Untracked 
|  12|0x00000000a2000000, 0x00000000a2000000, 0x00000000a2100000|  0%| F|  |TAMS 0x00000000a2000000, 0x00000000a2000000| Untracked 
|  13|0x00000000a2100000, 0x00000000a2100000, 0x00000000a2200000|  0%| F|  |TAMS 0x00000000a2100000, 0x00000000a2100000| Untracked 
|  14|0x00000000a2200000, 0x00000000a2200000, 0x00000000a2300000|  0%| F|  |TAMS 0x00000000a2200000, 0x00000000a2200000| Untracked 
|  15|0x00000000a2300000, 0x00000000a2300000, 0x00000000a2400000|  0%| F|  |TAMS 0x00000000a2300000, 0x00000000a2300000| Untracked 
|  16|0x00000000a2400000, 0x00000000a2400000, 0x00000000a2500000|  0%| F|  |TAMS 0x00000000a2400000, 0x00000000a2400000| Untracked 
|  17|0x00000000a2500000, 0x00000000a2500000, 0x00000000a2600000|  0%| F|  |TAMS 0x00000000a2500000, 0x00000000a2500000| Untracked 
|  18|0x00000000a2600000, 0x00000000a2600000, 0x00000000a2700000|  0%| F|  |TAMS 0x00000000a2600000, 0x00000000a2600000| Untracked 
|  19|0x00000000a2700000, 0x00000000a2700000, 0x00000000a2800000|  0%| F|  |TAMS 0x00000000a2700000, 0x00000000a2700000| Untracked 
|  20|0x00000000a2800000, 0x00000000a2800000, 0x00000000a2900000|  0%| F|  |TAMS 0x00000000a2800000, 0x00000000a2800000| Untracked 
|  21|0x00000000a2900000, 0x00000000a2900000, 0x00000000a2a00000|  0%| F|  |TAMS 0x00000000a2900000, 0x00000000a2900000| Untracked 
|  22|0x00000000a2a00000, 0x00000000a2a00000, 0x00000000a2b00000|  0%| F|  |TAMS 0x00000000a2a00000, 0x00000000a2a00000| Untracked 
|  23|0x00000000a2b00000, 0x00000000a2b00000, 0x00000000a2c00000|  0%| F|  |TAMS 0x00000000a2b00000, 0x00000000a2b00000| Untracked 
|  24|0x00000000a2c00000, 0x00000000a2c00000, 0x00000000a2d00000|  0%| F|  |TAMS 0x00000000a2c00000, 0x00000000a2c00000| Untracked 
|  25|0x00000000a2d00000, 0x00000000a2d00000, 0x00000000a2e00000|  0%| F|  |TAMS 0x00000000a2d00000, 0x00000000a2d00000| Untracked 
|  26|0x00000000a2e00000, 0x00000000a2e00000, 0x00000000a2f00000|  0%| F|  |TAMS 0x00000000a2e00000, 0x00000000a2e00000| Untracked 
|  27|0x00000000a2f00000, 0x00000000a2f00000, 0x00000000a3000000|  0%| F|  |TAMS 0x00000000a2f00000, 0x00000000a2f00000| Untracked 
|  28|0x00000000a3000000, 0x00000000a3000000, 0x00000000a3100000|  0%| F|  |TAMS 0x00000000a3000000, 0x00000000a3000000| Untracked 
|  29|0x00000000a3100000, 0x00000000a3100000, 0x00000000a3200000|  0%| F|  |TAMS 0x00000000a3100000, 0x00000000a3100000| Untracked 
|  30|0x00000000a3200000, 0x00000000a3200000, 0x00000000a3300000|  0%| F|  |TAMS 0x00000000a3200000, 0x00000000a3200000| Untracked 
|  31|0x00000000a3300000, 0x00000000a3300000, 0x00000000a3400000|  0%| F|  |TAMS 0x00000000a3300000, 0x00000000a3300000| Untracked 
|  32|0x00000000a3400000, 0x00000000a3400000, 0x00000000a3500000|  0%| F|  |TAMS 0x00000000a3400000, 0x00000000a3400000| Untracked 
|  33|0x00000000a3500000, 0x00000000a3500000, 0x00000000a3600000|  0%| F|  |TAMS 0x00000000a3500000, 0x00000000a3500000| Untracked 
|  34|0x00000000a3600000, 0x00000000a3600000, 0x00000000a3700000|  0%| F|  |TAMS 0x00000000a3600000, 0x00000000a3600000| Untracked 
|  35|0x00000000a3700000, 0x00000000a3700000, 0x00000000a3800000|  0%| F|  |TAMS 0x00000000a3700000, 0x00000000a3700000| Untracked 
|  36|0x00000000a3800000, 0x00000000a3800000, 0x00000000a3900000|  0%| F|  |TAMS 0x00000000a3800000, 0x00000000a3800000| Untracked 
|  37|0x00000000a3900000, 0x00000000a3900000, 0x00000000a3a00000|  0%| F|  |TAMS 0x00000000a3900000, 0x00000000a3900000| Untracked 
|  38|0x00000000a3a00000, 0x00000000a3a00000, 0x00000000a3b00000|  0%| F|  |TAMS 0x00000000a3a00000, 0x00000000a3a00000| Untracked 
|  39|0x00000000a3b00000, 0x00000000a3b00000, 0x00000000a3c00000|  0%| F|  |TAMS 0x00000000a3b00000, 0x00000000a3b00000| Untracked 
|  40|0x00000000a3c00000, 0x00000000a3c00000, 0x00000000a3d00000|  0%| F|  |TAMS 0x00000000a3c00000, 0x00000000a3c00000| Untracked 
|  41|0x00000000a3d00000, 0x00000000a3d00000, 0x00000000a3e00000|  0%| F|  |TAMS 0x00000000a3d00000, 0x00000000a3d00000| Untracked 
|  42|0x00000000a3e00000, 0x00000000a3e00000, 0x00000000a3f00000|  0%| F|  |TAMS 0x00000000a3e00000, 0x00000000a3e00000| Untracked 
|  43|0x00000000a3f00000, 0x00000000a3f00000, 0x00000000a4000000|  0%| F|  |TAMS 0x00000000a3f00000, 0x00000000a3f00000| Untracked 
|  44|0x00000000a4000000, 0x00000000a4000000, 0x00000000a4100000|  0%| F|  |TAMS 0x00000000a4000000, 0x00000000a4000000| Untracked 
|  45|0x00000000a4100000, 0x00000000a4100000, 0x00000000a4200000|  0%| F|  |TAMS 0x00000000a4100000, 0x00000000a4100000| Untracked 
|  46|0x00000000a4200000, 0x00000000a4200000, 0x00000000a4300000|  0%| F|  |TAMS 0x00000000a4200000, 0x00000000a4200000| Untracked 
|  47|0x00000000a4300000, 0x00000000a4300000, 0x00000000a4400000|  0%| F|  |TAMS 0x00000000a4300000, 0x00000000a4300000| Untracked 
|  48|0x00000000a4400000, 0x00000000a4400000, 0x00000000a4500000|  0%| F|  |TAMS 0x00000000a4400000, 0x00000000a4400000| Untracked 
|  49|0x00000000a4500000, 0x00000000a4500000, 0x00000000a4600000|  0%| F|  |TAMS 0x00000000a4500000, 0x00000000a4500000| Untracked 
|  50|0x00000000a4600000, 0x00000000a4600000, 0x00000000a4700000|  0%| F|  |TAMS 0x00000000a4600000, 0x00000000a4600000| Untracked 
|  51|0x00000000a4700000, 0x00000000a4700000, 0x00000000a4800000|  0%| F|  |TAMS 0x00000000a4700000, 0x00000000a4700000| Untracked 
|  52|0x00000000a4800000, 0x00000000a4800000, 0x00000000a4900000|  0%| F|  |TAMS 0x00000000a4800000, 0x00000000a4800000| Untracked 
|  53|0x00000000a4900000, 0x00000000a4900000, 0x00000000a4a00000|  0%| F|  |TAMS 0x00000000a4900000, 0x00000000a4900000| Untracked 
|  54|0x00000000a4a00000, 0x00000000a4a00000, 0x00000000a4b00000|  0%| F|  |TAMS 0x00000000a4a00000, 0x00000000a4a00000| Untracked 
|  55|0x00000000a4b00000, 0x00000000a4b00000, 0x00000000a4c00000|  0%| F|  |TAMS 0x00000000a4b00000, 0x00000000a4b00000| Untracked 
|  56|0x00000000a4c00000, 0x00000000a4c00000, 0x00000000a4d00000|  0%| F|  |TAMS 0x00000000a4c00000, 0x00000000a4c00000| Untracked 
|  57|0x00000000a4d00000, 0x00000000a4d00000, 0x00000000a4e00000|  0%| F|  |TAMS 0x00000000a4d00000, 0x00000000a4d00000| Untracked 
|  58|0x00000000a4e00000, 0x00000000a4e00000, 0x00000000a4f00000|  0%| F|  |TAMS 0x00000000a4e00000, 0x00000000a4e00000| Untracked 
|  59|0x00000000a4f00000, 0x00000000a4f00000, 0x00000000a5000000|  0%| F|  |TAMS 0x00000000a4f00000, 0x00000000a4f00000| Untracked 
|  60|0x00000000a5000000, 0x00000000a5000000, 0x00000000a5100000|  0%| F|  |TAMS 0x00000000a5000000, 0x00000000a5000000| Untracked 
|  61|0x00000000a5100000, 0x00000000a5100000, 0x00000000a5200000|  0%| F|  |TAMS 0x00000000a5100000, 0x00000000a5100000| Untracked 
|  62|0x00000000a5200000, 0x00000000a5200000, 0x00000000a5300000|  0%| F|  |TAMS 0x00000000a5200000, 0x00000000a5200000| Untracked 
|  63|0x00000000a5300000, 0x00000000a5300000, 0x00000000a5400000|  0%| F|  |TAMS 0x00000000a5300000, 0x00000000a5300000| Untracked 
|  64|0x00000000a5400000, 0x00000000a5400000, 0x00000000a5500000|  0%| F|  |TAMS 0x00000000a5400000, 0x00000000a5400000| Untracked 
|  65|0x00000000a5500000, 0x00000000a5500000, 0x00000000a5600000|  0%| F|  |TAMS 0x00000000a5500000, 0x00000000a5500000| Untracked 
|  66|0x00000000a5600000, 0x00000000a5600000, 0x00000000a5700000|  0%| F|  |TAMS 0x00000000a5600000, 0x00000000a5600000| Untracked 
|  67|0x00000000a5700000, 0x00000000a5700000, 0x00000000a5800000|  0%| F|  |TAMS 0x00000000a5700000, 0x00000000a5700000| Untracked 
|  68|0x00000000a5800000, 0x00000000a5800000, 0x00000000a5900000|  0%| F|  |TAMS 0x00000000a5800000, 0x00000000a5800000| Untracked 
|  69|0x00000000a5900000, 0x00000000a5900000, 0x00000000a5a00000|  0%| F|  |TAMS 0x00000000a5900000, 0x00000000a5900000| Untracked 
|  70|0x00000000a5a00000, 0x00000000a5a00000, 0x00000000a5b00000|  0%| F|  |TAMS 0x00000000a5a00000, 0x00000000a5a00000| Untracked 
|  71|0x00000000a5b00000, 0x00000000a5b00000, 0x00000000a5c00000|  0%| F|  |TAMS 0x00000000a5b00000, 0x00000000a5b00000| Untracked 
|  72|0x00000000a5c00000, 0x00000000a5c00000, 0x00000000a5d00000|  0%| F|  |TAMS 0x00000000a5c00000, 0x00000000a5c00000| Untracked 
|  73|0x00000000a5d00000, 0x00000000a5d00000, 0x00000000a5e00000|  0%| F|  |TAMS 0x00000000a5d00000, 0x00000000a5d00000| Untracked 
|  74|0x00000000a5e00000, 0x00000000a5e00000, 0x00000000a5f00000|  0%| F|  |TAMS 0x00000000a5e00000, 0x00000000a5e00000| Untracked 
|  75|0x00000000a5f00000, 0x00000000a5f80800, 0x00000000a6000000| 50%| E|  |TAMS 0x00000000a5f00000, 0x00000000a5f00000| Complete 
|  76|0x00000000a6000000, 0x00000000a6100000, 0x00000000a6100000|100%| E|CS|TAMS 0x00000000a6000000, 0x00000000a6000000| Complete 
|  77|0x00000000a6100000, 0x00000000a6200000, 0x00000000a6200000|100%| E|CS|TAMS 0x00000000a6100000, 0x00000000a6100000| Complete 
|  78|0x00000000a6200000, 0x00000000a6300000, 0x00000000a6300000|100%| E|CS|TAMS 0x00000000a6200000, 0x00000000a6200000| Complete 
|  79|0x00000000a6300000, 0x00000000a6400000, 0x00000000a6400000|100%| E|CS|TAMS 0x00000000a6300000, 0x00000000a6300000| Complete 
|  80|0x00000000a6400000, 0x00000000a6500000, 0x00000000a6500000|100%| S|CS|TAMS 0x00000000a6400000, 0x00000000a6400000| Complete 
|  81|0x00000000a6500000, 0x00000000a6600000, 0x00000000a6600000|100%| S|CS|TAMS 0x00000000a6500000, 0x00000000a6500000| Complete 
|  82|0x00000000a6600000, 0x00000000a6700000, 0x00000000a6700000|100%| E|CS|TAMS 0x00000000a6600000, 0x00000000a6600000| Complete 
|  83|0x00000000a6700000, 0x00000000a6800000, 0x00000000a6800000|100%| E|CS|TAMS 0x00000000a6700000, 0x00000000a6700000| Complete 
|  84|0x00000000a6800000, 0x00000000a6900000, 0x00000000a6900000|100%| E|CS|TAMS 0x00000000a6800000, 0x00000000a6800000| Complete 
|  85|0x00000000a6900000, 0x00000000a6a00000, 0x00000000a6a00000|100%| E|CS|TAMS 0x00000000a6900000, 0x00000000a6900000| Complete 
|  86|0x00000000a6a00000, 0x00000000a6b00000, 0x00000000a6b00000|100%| E|CS|TAMS 0x00000000a6a00000, 0x00000000a6a00000| Complete 
|  87|0x00000000a6b00000, 0x00000000a6c00000, 0x00000000a6c00000|100%| E|CS|TAMS 0x00000000a6b00000, 0x00000000a6b00000| Complete 
|  88|0x00000000a6c00000, 0x00000000a6d00000, 0x00000000a6d00000|100%| E|CS|TAMS 0x00000000a6c00000, 0x00000000a6c00000| Complete 
|  89|0x00000000a6d00000, 0x00000000a6e00000, 0x00000000a6e00000|100%| E|CS|TAMS 0x00000000a6d00000, 0x00000000a6d00000| Complete 
|  90|0x00000000a6e00000, 0x00000000a6f00000, 0x00000000a6f00000|100%| E|CS|TAMS 0x00000000a6e00000, 0x00000000a6e00000| Complete 
|  91|0x00000000a6f00000, 0x00000000a7000000, 0x00000000a7000000|100%| E|CS|TAMS 0x00000000a6f00000, 0x00000000a6f00000| Complete 
|  92|0x00000000a7000000, 0x00000000a7100000, 0x00000000a7100000|100%| E|CS|TAMS 0x00000000a7000000, 0x00000000a7000000| Complete 
|  93|0x00000000a7100000, 0x00000000a7200000, 0x00000000a7200000|100%| E|CS|TAMS 0x00000000a7100000, 0x00000000a7100000| Complete 
|  94|0x00000000a7200000, 0x00000000a7300000, 0x00000000a7300000|100%| E|CS|TAMS 0x00000000a7200000, 0x00000000a7200000| Complete 
|  95|0x00000000a7300000, 0x00000000a7400000, 0x00000000a7400000|100%| E|CS|TAMS 0x00000000a7300000, 0x00000000a7300000| Complete 

Card table byte_map: [0x000002116e2a0000,0x000002116e5a0000] _byte_map_base: 0x000002116dd96000

Marking Bits (Prev, Next): (CMBitMap*) 0x00000211596b4c08, (CMBitMap*) 0x00000211596b4c40
 Prev Bits: [0x000002116e8a0000, 0x0000021170050000)
 Next Bits: [0x0000021170050000, 0x0000021171800000)

Polling page: 0x0000021159750000

Metaspace:

Usage:
  Non-class:     12.41 MB capacity,    12.35 MB (>99%) used,    46.72 KB ( <1%) free+waste,     9.56 KB ( <1%) overhead. 
      Class:      1.33 MB capacity,     1.32 MB ( 99%) used,    14.01 KB (  1%) free+waste,     2.88 KB ( <1%) overhead. 
       Both:     13.74 MB capacity,    13.67 MB (>99%) used,    60.73 KB ( <1%) free+waste,    12.44 KB ( <1%) overhead. 

Virtual space:
  Non-class space:       18.00 MB reserved,      12.50 MB ( 69%) committed 
      Class space:        1.00 GB reserved,       1.38 MB ( <1%) committed 
             Both:        1.02 GB reserved,      13.88 MB (  1%) committed 

Chunk freelists:
   Non-Class:  31.00 KB
       Class:  9.00 KB
        Both:  40.00 KB

MaxMetaspaceSize: 17179869184.00 GB
CompressedClassSpaceSize: 1.00 GB
Initial GC threshold: 20.80 MB
Current GC threshold: 20.80 MB
CDS: off

CodeHeap 'non-profiled nmethods': size=120064Kb used=260Kb max_used=260Kb free=119803Kb
 bounds [0x0000021166430000, 0x00000211666a0000, 0x000002116d970000]
CodeHeap 'profiled nmethods': size=120000Kb used=1536Kb max_used=1536Kb free=118463Kb
 bounds [0x000002115ef00000, 0x000002115f170000, 0x0000021166430000]
CodeHeap 'non-nmethods': size=5696Kb used=1141Kb max_used=1153Kb free=4554Kb
 bounds [0x000002115e970000, 0x000002115ebe0000, 0x000002115ef00000]
 total_blobs=1296 nmethods=902 adapters=307
 compilation: enabled
              stopped_count=0, restarted_count=0
 full_count=0

Compilation events (20 events):
Event: 1.702 Thread 0x0000021173e5c800 nmethod 799 0x000002115f05ee10 code [0x000002115f05efc0, 0x000002115f05f0e8]
Event: 1.702 Thread 0x0000021173e5c800  800       3       java.util.LinkedList::linkFirst (59 bytes)
Event: 1.703 Thread 0x0000021173e5c800 nmethod 800 0x000002115f05f190 code [0x000002115f05f360, 0x000002115f05f7b8]
Event: 1.709 Thread 0x0000021173e5c800  802       3       java.util.ArrayList::iterator (9 bytes)
Event: 1.709 Thread 0x0000021173e5c800 nmethod 802 0x000002115f05f910 code [0x000002115f05fae0, 0x000002115f05fd58]
Event: 1.709 Thread 0x0000021173e5c800  803       3       java.util.ArrayList$Itr::<init> (26 bytes)
Event: 1.710 Thread 0x0000021173e5c800 nmethod 803 0x000002115f05fe90 code [0x000002115f060040, 0x000002115f060218]
Event: 1.710 Thread 0x0000021173e5c800  804       3       kotlin.collections.CollectionsKt__IterablesKt::collectionSizeOrDefault (27 bytes)
Event: 1.711 Thread 0x0000021173e5c800 nmethod 804 0x000002115f060310 code [0x000002115f060560, 0x000002115f060de8]
Event: 1.711 Thread 0x0000021173e5c800  805       1       kotlin.reflect.jvm.internal.impl.serialization.deserialization.DeserializationContext::getComponents (5 bytes)
Event: 1.711 Thread 0x0000021173e5c800 nmethod 805 0x0000021166469a10 code [0x0000021166469bc0, 0x0000021166469c78]
Event: 1.711 Thread 0x0000021173e5c800  806       3       java.lang.StringBuilder::append (6 bytes)
Event: 1.711 Thread 0x0000021173e5c800 nmethod 806 0x000002115f061090 code [0x000002115f061260, 0x000002115f061408]
Event: 1.711 Thread 0x0000021173e5c800  807       3       java.util.LinkedList$ListItr::hasNext (20 bytes)
Event: 1.711 Thread 0x0000021173e5c800 nmethod 807 0x000002115f061510 code [0x000002115f0616c0, 0x000002115f061838]
Event: 1.713 Thread 0x0000021173e5c800  808       3       kotlin.reflect.jvm.internal.impl.storage.LockBasedStorageManager$LockBasedLazyValue::<init> (38 bytes)
Event: 1.713 Thread 0x0000021173e5c800 nmethod 808 0x000002115f061910 code [0x000002115f061b00, 0x000002115f061e78]
Event: 1.713 Thread 0x0000021173e5c800  809       1       kotlin.reflect.jvm.internal.impl.metadata.ProtoBuf$Visibility::getNumber (5 bytes)
Event: 1.713 Thread 0x0000021173e5c800 nmethod 809 0x0000021166469d10 code [0x0000021166469ec0, 0x0000021166469f78]
Event: 1.713 Thread 0x0000021173e5c800  810       3       kotlin.reflect.jvm.internal.impl.metadata.jvm.deserialization.JvmNameResolver::getString (479 bytes)

GC Heap History (2 events):
Event: 1.153 GC heap before
{Heap before GC invocations=0 (full 0):
 garbage-first heap   total 98304K, used 17408K [0x00000000a1400000, 0x0000000100000000)
  region size 1024K, 14 young (14336K), 0 survivors (0K)
 Metaspace       used 9839K, capacity 9906K, committed 10112K, reserved 1058816K
  class space    used 826K, capacity 853K, committed 896K, reserved 1048576K
}
Event: 1.159 GC heap after
{Heap after GC invocations=1 (full 0):
 garbage-first heap   total 98304K, used 5209K [0x00000000a1400000, 0x0000000100000000)
  region size 1024K, 2 young (2048K), 2 survivors (2048K)
 Metaspace       used 9839K, capacity 9906K, committed 10112K, reserved 1058816K
  class space    used 826K, capacity 853K, committed 896K, reserved 1048576K
}

Deoptimization events (20 events):
Event: 1.633 Thread 0x000002115967f000 Uncommon trap: trap_request=0xffffffc6 fr.pc=0x0000021166462650 relative=0x0000000000000370
Event: 1.633 Thread 0x000002115967f000 Uncommon trap: reason=bimorphic_or_optimized_type_check action=maybe_recompile pc=0x0000021166462650 method=java.util.HashMap.getNode(ILjava/lang/Object;)Ljava/util/HashMap$Node; @ 126 c2
Event: 1.633 Thread 0x000002115967f000 DEOPT PACKING pc=0x0000021166462650 sp=0x000000522ecfb440
Event: 1.633 Thread 0x000002115967f000 DEOPT UNPACKING pc=0x000002115e9ba1af sp=0x000000522ecfb3b8 mode 2
Event: 1.635 Thread 0x000002115967f000 Uncommon trap: trap_request=0xffffffc6 fr.pc=0x0000021166462650 relative=0x0000000000000370
Event: 1.635 Thread 0x000002115967f000 Uncommon trap: reason=bimorphic_or_optimized_type_check action=maybe_recompile pc=0x0000021166462650 method=java.util.HashMap.getNode(ILjava/lang/Object;)Ljava/util/HashMap$Node; @ 126 c2
Event: 1.635 Thread 0x000002115967f000 DEOPT PACKING pc=0x0000021166462650 sp=0x000000522ecfb710
Event: 1.635 Thread 0x000002115967f000 DEOPT UNPACKING pc=0x000002115e9ba1af sp=0x000000522ecfb688 mode 2
Event: 1.637 Thread 0x000002115967f000 Uncommon trap: trap_request=0xffffffc6 fr.pc=0x0000021166464480 relative=0x0000000000000500
Event: 1.637 Thread 0x000002115967f000 Uncommon trap: reason=bimorphic_or_optimized_type_check action=maybe_recompile pc=0x0000021166464480 method=kotlin.reflect.jvm.internal.impl.protobuf.CodedInputStream.tryRefillBuffer(I)Z @ 175 c2
Event: 1.637 Thread 0x000002115967f000 DEOPT PACKING pc=0x0000021166464480 sp=0x000000522ecfbc80
Event: 1.637 Thread 0x000002115967f000 DEOPT UNPACKING pc=0x000002115e9ba1af sp=0x000000522ecfbb68 mode 2
Event: 1.645 Thread 0x000002115967f000 Uncommon trap: trap_request=0xffffff4d fr.pc=0x000002116645f124 relative=0x00000000000001e4
Event: 1.645 Thread 0x000002115967f000 Uncommon trap: reason=unstable_if action=reinterpret pc=0x000002116645f124 method=kotlin.reflect.jvm.internal.impl.protobuf.CodedInputStream.readRawVarint32()I @ 10 c2
Event: 1.645 Thread 0x000002115967f000 DEOPT PACKING pc=0x000002116645f124 sp=0x000000522ecfb430
Event: 1.645 Thread 0x000002115967f000 DEOPT UNPACKING pc=0x000002115e9ba1af sp=0x000000522ecfb3b0 mode 2
Event: 1.648 Thread 0x000002115967f000 Uncommon trap: trap_request=0xffffffc6 fr.pc=0x0000021166464480 relative=0x0000000000000500
Event: 1.648 Thread 0x000002115967f000 Uncommon trap: reason=bimorphic_or_optimized_type_check action=maybe_recompile pc=0x0000021166464480 method=kotlin.reflect.jvm.internal.impl.protobuf.CodedInputStream.tryRefillBuffer(I)Z @ 175 c2
Event: 1.648 Thread 0x000002115967f000 DEOPT PACKING pc=0x0000021166464480 sp=0x000000522ecfbf50
Event: 1.648 Thread 0x000002115967f000 DEOPT UNPACKING pc=0x000002115e9ba1af sp=0x000000522ecfbe38 mode 2

Classes redefined (0 events):
No events

Internal exceptions (0 events):
No events

Events (20 events):
Event: 1.703 loading class kotlin/reflect/jvm/internal/impl/types/TypeConstructorSubstitution
Event: 1.703 loading class kotlin/reflect/jvm/internal/impl/types/TypeConstructorSubstitution done
Event: 1.703 loading class kotlin/reflect/jvm/internal/impl/types/TypeConstructorSubstitution$Companion
Event: 1.703 loading class kotlin/reflect/jvm/internal/impl/types/TypeConstructorSubstitution$Companion done
Event: 1.704 loading class kotlin/reflect/jvm/internal/impl/types/IndexedParametersSubstitution
Event: 1.704 loading class kotlin/reflect/jvm/internal/impl/types/IndexedParametersSubstitution done
Event: 1.704 loading class kotlin/reflect/jvm/internal/impl/types/TypeSubstitutor
Event: 1.704 loading class kotlin/reflect/jvm/internal/impl/types/TypeSubstitutor done
Event: 1.706 loading class kotlin/reflect/jvm/internal/impl/types/TypeSubstitutor$SubstitutionException
Event: 1.706 loading class kotlin/reflect/jvm/internal/impl/types/TypeSubstitutor$SubstitutionException done
Event: 1.706 loading class kotlin/reflect/jvm/internal/impl/resolve/scopes/SubstitutingScope
Event: 1.706 loading class kotlin/reflect/jvm/internal/impl/resolve/scopes/SubstitutingScope done
Event: 1.708 loading class kotlin/reflect/jvm/internal/impl/resolve/calls/inference/CapturedTypeConstructorKt
Event: 1.708 loading class kotlin/reflect/jvm/internal/impl/resolve/calls/inference/CapturedTypeConstructorKt done
Event: 1.709 loading class kotlin/reflect/jvm/internal/impl/resolve/scopes/SubstitutingScope$_allDescriptors$2
Event: 1.709 loading class kotlin/reflect/jvm/internal/impl/resolve/scopes/SubstitutingScope$_allDescriptors$2 done
Event: 1.710 loading class kotlin/Boolean
Event: 1.710 loading class kotlin/Boolean done
Event: 1.711 loading class kotlin/Boolean
Event: 1.711 loading class kotlin/Boolean done


Dynamic libraries:
0x00007ff7c1cb0000 - 0x00007ff7c1cba000 	C:\Program Files\Android\Android Studio\jbr\bin\java.exe
0x00007ff96feb0000 - 0x00007ff9700c4000 	C:\WINDOWS\SYSTEM32\ntdll.dll
0x00007ff96ed90000 - 0x00007ff96ee52000 	C:\WINDOWS\System32\KERNEL32.DLL
0x00007ff96d640000 - 0x00007ff96d9e3000 	C:\WINDOWS\System32\KERNELBASE.dll
0x00007ff96d9f0000 - 0x00007ff96db01000 	C:\WINDOWS\System32\ucrtbase.dll
0x00007ff944970000 - 0x00007ff944987000 	C:\Program Files\Android\Android Studio\jbr\bin\jli.dll
0x00007ff96ef60000 - 0x00007ff96f10b000 	C:\WINDOWS\System32\USER32.dll
0x00007ff96d440000 - 0x00007ff96d466000 	C:\WINDOWS\System32\win32u.dll
0x00007ff96e680000 - 0x00007ff96e6a9000 	C:\WINDOWS\System32\GDI32.dll
0x00007ff96db10000 - 0x00007ff96dc28000 	C:\WINDOWS\System32\gdi32full.dll
0x00007ff96d5a0000 - 0x00007ff96d63a000 	C:\WINDOWS\System32\msvcp_win.dll
0x00007ff944950000 - 0x00007ff94496b000 	C:\Program Files\Android\Android Studio\jbr\bin\VCRUNTIME140.dll
0x00007ff958230000 - 0x00007ff9584be000 	C:\WINDOWS\WinSxS\amd64_microsoft.windows.common-controls_6595b64144ccf1df_6.0.22621.1635_none_270f70857386168e\COMCTL32.dll
0x00007ff96ea00000 - 0x00007ff96eaa7000 	C:\WINDOWS\System32\msvcrt.dll
0x00007ff96fb20000 - 0x00007ff96fb51000 	C:\WINDOWS\System32\IMM32.DLL
0x00007ff957570000 - 0x00007ff95757c000 	C:\Program Files\Android\Android Studio\jbr\bin\vcruntime140_1.dll
0x00007ff91fe20000 - 0x00007ff91fead000 	C:\Program Files\Android\Android Studio\jbr\bin\msvcp140.dll
0x00007ff91ed50000 - 0x00007ff91f90c000 	C:\Program Files\Android\Android Studio\jbr\bin\server\jvm.dll
0x00007ff96e750000 - 0x00007ff96e7fe000 	C:\WINDOWS\System32\ADVAPI32.dll
0x00007ff96fbc0000 - 0x00007ff96fc64000 	C:\WINDOWS\System32\sechost.dll
0x00007ff96e8e0000 - 0x00007ff96e9f7000 	C:\WINDOWS\System32\RPCRT4.dll
0x00007ff96e6d0000 - 0x00007ff96e6d8000 	C:\WINDOWS\System32\PSAPI.DLL
0x00007ff95cc60000 - 0x00007ff95cc69000 	C:\WINDOWS\SYSTEM32\WSOCK32.dll
0x00007ff96e530000 - 0x00007ff96e5a1000 	C:\WINDOWS\System32\WS2_32.dll
0x00007ff964df0000 - 0x00007ff964e24000 	C:\WINDOWS\SYSTEM32\WINMM.dll
0x00007ff965be0000 - 0x00007ff965bea000 	C:\WINDOWS\SYSTEM32\VERSION.dll
0x00007ff96c320000 - 0x00007ff96c338000 	C:\WINDOWS\SYSTEM32\kernel.appcore.dll
0x00007ff96a600000 - 0x00007ff96a610000 	C:\Program Files\Android\Android Studio\jbr\bin\verify.dll
0x00007ff95a310000 - 0x00007ff95a53e000 	C:\WINDOWS\SYSTEM32\DBGHELP.DLL
0x00007ff96f790000 - 0x00007ff96fb19000 	C:\WINDOWS\System32\combase.dll
0x00007ff96e800000 - 0x00007ff96e8d7000 	C:\WINDOWS\System32\OLEAUT32.dll
0x00007ff94e770000 - 0x00007ff94e7a2000 	C:\WINDOWS\SYSTEM32\dbgcore.DLL
0x00007ff96dc30000 - 0x00007ff96dcab000 	C:\WINDOWS\System32\bcryptPrimitives.dll
0x00007ff94e920000 - 0x00007ff94e948000 	C:\Program Files\Android\Android Studio\jbr\bin\java.dll
0x00007ff95ccd0000 - 0x00007ff95ccda000 	C:\Program Files\Android\Android Studio\jbr\bin\jimage.dll
0x00007ff944930000 - 0x00007ff944948000 	C:\Program Files\Android\Android Studio\jbr\bin\zip.dll
0x00007ff96dd30000 - 0x00007ff96e52a000 	C:\WINDOWS\System32\SHELL32.dll
0x00007ff96b2d0000 - 0x00007ff96bb9e000 	C:\WINDOWS\SYSTEM32\windows.storage.dll
0x00007ff96b190000 - 0x00007ff96b2ce000 	C:\WINDOWS\SYSTEM32\wintypes.dll
0x00007ff96ee60000 - 0x00007ff96ef51000 	C:\WINDOWS\System32\SHCORE.dll
0x00007ff96fc70000 - 0x00007ff96fcce000 	C:\WINDOWS\System32\shlwapi.dll
0x00007ff96d200000 - 0x00007ff96d221000 	C:\WINDOWS\SYSTEM32\profapi.dll
0x00007ff944910000 - 0x00007ff944929000 	C:\Program Files\Android\Android Studio\jbr\bin\net.dll
0x00007ff965cd0000 - 0x00007ff965e07000 	C:\WINDOWS\SYSTEM32\WINHTTP.dll
0x00007ff96c790000 - 0x00007ff96c7f9000 	C:\WINDOWS\system32\mswsock.dll
0x00007ff93f670000 - 0x00007ff93f683000 	C:\Program Files\Android\Android Studio\jbr\bin\nio.dll

dbghelp: loaded successfully - version: 4.0.5 - missing functions: none
symbol engine: initialized successfully - sym options: 0x614 - pdb path: .;C:\Program Files\Android\Android Studio\jbr\bin;C:\WINDOWS\SYSTEM32;C:\WINDOWS\WinSxS\amd64_microsoft.windows.common-controls_6595b64144ccf1df_6.0.22621.1635_none_270f70857386168e;C:\Program Files\Android\Android Studio\jbr\bin\server

VM Arguments:
java_command: org.jetbrains.kotlin.cli.jvm.K2JVMCompiler @C:\Users\Jenifer\Downloads\lab-08\laboratorio08\Moviles 3\app\build\20230525_12097773877828673960.compiler.options
java_class_path (initial): C:\Users\Jenifer\.gradle\caches\modules-2\files-2.1\org.jetbrains.kotlin\kotlin-compiler-embeddable\1.6.10\88f2073f4020cdb83132cfe940ceb9a60aba54ea\kotlin-compiler-embeddable-1.6.10.jar;C:\Users\Jenifer\.gradle\caches\modules-2\files-2.1\org.jetbrains.kotlin\kotlin-reflect\1.6.10\1cbe9c92c12a94eea200d23c2bbaedaf3daf5132\kotlin-reflect-1.6.10.jar;C:\Users\Jenifer\.gradle\caches\modules-2\files-2.1\org.jetbrains.kotlin\kotlin-stdlib\1.6.10\b8af3fe6f1ca88526914929add63cf5e7c5049af\kotlin-stdlib-1.6.10.jar;C:\Users\Jenifer\.gradle\caches\modules-2\files-2.1\org.jetbrains.kotlin\kotlin-script-runtime\1.6.10\d0a7ff2e2500ef497ed0214ae40ad3c8387a6164\kotlin-script-runtime-1.6.10.jar;C:\Users\Jenifer\.gradle\caches\modules-2\files-2.1\org.jetbrains.kotlin\kotlin-daemon-embeddable\1.6.10\a56d79bcbea411fa6058e4ecffc2de73e742bd2a\kotlin-daemon-embeddable-1.6.10.jar;C:\Users\Jenifer\.gradle\caches\modules-2\files-2.1\org.jetbrains.intellij.deps\trove4j\1.0.20181211\216c2e14b070f334479d800987affe4054cd563f\trove4j-1.0.20181211.jar;C:\Users\Jenifer\.gradle\caches\modules-2\files-2.1\net.java.dev.jna\jna\5.6.0\330f2244e9030119ab3030fc3fededc86713d9cc\jna-5.6.0.jar;C:\Users\Jenifer\.gradle\caches\modules-2\files-2.1\org.jetbrains\annotations\13.0\919f0dfe192fb4e063e7dacadee7f8bb9a2672a9\annotations-13.0.jar;C:\Users\Jenifer\.gradle\caches\modules-2\files-2.1\org.jetbrains.kotlin\kotlin-stdlib-common\1.6.10\c118700e3a33c8a0d9adc920e9dec0831171925\kotlin-stdlib-common-1.6.10.jar
Launcher Type: SUN_STANDARD

[Global flags]
     intx CICompilerCount                          = 3                                         {product} {ergonomic}
     uint ConcGCThreads                            = 1                                         {product} {ergonomic}
     uint G1ConcRefinementThreads                  = 4                                         {product} {ergonomic}
   size_t G1HeapRegionSize                         = 1048576                                   {product} {ergonomic}
    uintx GCDrainStackTargetSize                   = 64                                        {product} {ergonomic}
   size_t InitialHeapSize                          = 100663296                                 {product} {ergonomic}
   size_t MarkStackSize                            = 4194304                                   {product} {ergonomic}
   size_t MaxHeapSize                              = 1589641216                                {product} {ergonomic}
   size_t MaxNewSize                               = 953155584                                 {product} {ergonomic}
   size_t MinHeapDeltaBytes                        = 1048576                                   {product} {ergonomic}
    uintx NonNMethodCodeHeapSize                   = 5830732                                {pd product} {ergonomic}
    uintx NonProfiledCodeHeapSize                  = 122913754                              {pd product} {ergonomic}
    uintx ProfiledCodeHeapSize                     = 122913754                              {pd product} {ergonomic}
    uintx ReservedCodeCacheSize                    = 251658240                              {pd product} {ergonomic}
     bool SegmentedCodeCache                       = true                                      {product} {ergonomic}
     bool UseCompressedClassPointers               = true                                 {lp64_product} {ergonomic}
     bool UseCompressedOops                        = true                                 {lp64_product} {ergonomic}
     bool UseG1GC                                  = true                                      {product} {ergonomic}
     bool UseLargePagesIndividualAllocation        = false                                  {pd product} {ergonomic}

Logging:
Log output configuration:
 #0: stdout all=warning uptime,level,tags
 #1: stderr all=off uptime,level,tags

Environment Variables:
PATH=C:\Program Files\Common Files\Oracle\Java\javapath;C:\WINDOWS\system32;C:\WINDOWS;C:\WINDOWS\System32\Wbem;C:\WINDOWS\System32\WindowsPowerShell\v1.0\;C:\WINDOWS\System32\OpenSSH\;C:\Program Files\nodejs\;C:\Program Files\MongoDB\Server\5.0\bin;C:\Program Files\Git\cmd;C:\xampp\php;D:\bin\apache-maven-3.9.1-bin\apache-maven-3.9.1\bin;C:\Program Files\MySQL\MySQL Shell 8.0\bin\;C:\Users\Jenifer\AppData\Local\Programs\Python\Python311;C:\Users\Jenifer\AppData\Local\Microsoft\WindowsApps;C:\Users\Jenifer\AppData\Roaming\npm;C:\Users\Jenifer\AppData\Local\Programs\Microsoft VS Code\bin;C:\Users\Jenifer\AppData\Roaming\Microsoft\Windows\Start Menu\Programs\Python 3.11;C:\Users\jenifer\AppData\Local\Programs\Python\Python311\Scripts;D:\bin\apache-maven-3.9.1-bin\apache-maven-3.9.1\bin
USERNAME=Jenifer
OS=Windows_NT
PROCESSOR_IDENTIFIER=AMD64 Family 23 Model 24 Stepping 1, AuthenticAMD



---------------  S Y S T E M  ---------------

OS: Windows 11 , 64 bit Build 22621 (10.0.22621.1635)
OS uptime: 0 days 0:07 hours

CPU:total 4 (initial active 4) (4 cores per cpu, 2 threads per core) family 23 model 24 stepping 1 microcode 0x0, cmov, cx8, fxsr, mmx, sse, sse2, sse3, ssse3, sse4.1, sse4.2, popcnt, avx, avx2, aes, clmul, mmxext, 3dnowpref, lzcnt, sse4a, ht, tsc, tscinvbit, tscinv, bmi1, bmi2, adx, sha, fma

Memory: 4k page, system-wide physical 6058M (246M free)
TotalPageFile size 8106M (AvailPageFile size 1M)
current process WorkingSet (physical memory assigned to process): 76M, peak: 76M
current process commit charge ("private bytes"): 177M, peak: 177M

vm_info: OpenJDK 64-Bit Server VM (11.0.15+0-b2043.56-9505619) for windows-amd64 JRE (11.0.15+0-b2043.56-9505619), built on Jan 19 2023 02:48:00 by "builduser" with unknown MS VC++:1929

END.
