#
# There is insufficient memory for the Java Runtime Environment to continue.
# Native memory allocation (malloc) failed to allocate 1686416 bytes for Chunk::new
# Possible reasons:
#   The system is out of physical RAM or swap space
#   The process is running with CompressedOops enabled, and the Java Heap may be blocking the growth of the native heap
# Possible solutions:
#   Reduce memory load on the system
#   Increase physical memory or swap space
#   Check if swap backing store is full
#   Decrease Java heap size (-Xmx/-Xms)
#   Decrease number of Java threads
#   Decrease Java thread stack sizes (-Xss)
#   Set larger code cache with -XX:ReservedCodeCacheSize=
#   JVM is running with Unscaled Compressed Oops mode in which the Java heap is
#     placed in the first 4GB address space. The Java Heap base address is the
#     maximum limit for the native heap growth. Please use -XX:HeapBaseMinAddress
#     to set the Java Heap base and to place the Java Heap above 4GB virtual address.
# This output file may be truncated or incomplete.
#
#  Out of Memory Error (src/hotspot/share/memory/arena.cpp:197), pid=11940, tid=964
#
# JRE version: OpenJDK Runtime Environment (11.0.15) (build 11.0.15+0-b2043.56-9505619)
# Java VM: OpenJDK 64-Bit Server VM (11.0.15+0-b2043.56-9505619, mixed mode, tiered, compressed oops, g1 gc, windows-amd64)
# No core dump will be written. Minidumps are not enabled by default on client versions of Windows
#

---------------  S U M M A R Y ------------

Command Line: org.jetbrains.kotlin.cli.jvm.K2JVMCompiler @C:\Users\Jenifer\Downloads\lab-08\laboratorio08\Moviles 3\app\build\20230525_15239424280223088915.compiler.options

Host: AMD Ryzen 3 3250U with Radeon Graphics         , 4 cores, 5G,  Windows 11 , 64 bit Build 22621 (10.0.22621.1635)
Time: Thu May 25 23:13:25 2023 Hora est. Pacífico, Sudamérica elapsed time: 14.469999 seconds (0d 0h 0m 14s)

---------------  T H R E A D  ---------------

Current thread (0x0000020f12cf2000):  JavaThread "C2 CompilerThread1" daemon [_thread_in_native, id=964, stack(0x000000d3d8900000,0x000000d3d8a00000)]


Current CompileTask:
C2:  14470 7072       4       org.jetbrains.kotlin.cli.jvm.index.JvmDependenciesIndexImpl::search (385 bytes)

Stack: [0x000000d3d8900000,0x000000d3d8a00000]
Native frames: (J=compiled Java code, j=interpreted, Vv=VM code, C=native code)
V  [jvm.dll+0x64135a]
V  [jvm.dll+0x7d39f9]
V  [jvm.dll+0x7d51b9]
V  [jvm.dll+0x7d58a3]
V  [jvm.dll+0x2691c5]
V  [jvm.dll+0xc1a5c]
V  [jvm.dll+0xc200c]
V  [jvm.dll+0x377462]
V  [jvm.dll+0x342495]
V  [jvm.dll+0x34186a]
V  [jvm.dll+0x2214bd]
V  [jvm.dll+0x220498]
V  [jvm.dll+0x19e851]
V  [jvm.dll+0x230479]
V  [jvm.dll+0x22e5ef]
V  [jvm.dll+0x794de1]
V  [jvm.dll+0x78dc24]
V  [jvm.dll+0x6400f6]
C  [ucrtbase.dll+0x29363]
C  [KERNEL32.DLL+0x126ad]
C  [ntdll.dll+0x5a9f8]


---------------  P R O C E S S  ---------------

Threads class SMR info:
_java_thread_list=0x0000020f7fb640e0, length=11, elements={
0x0000020f75050800, 0x0000020f7e886000, 0x0000020f7e8b3000, 0x0000020f7e8c7000,
0x0000020f7e8c9000, 0x0000020f7e8ca000, 0x0000020f7e8cc000, 0x0000020f7e8d8800,
0x0000020f7e8e4000, 0x0000020f7f3c6800, 0x0000020f12cf2000
}

Java Threads: ( => current thread )
  0x0000020f75050800 JavaThread "main" [_thread_in_vm, id=5808, stack(0x000000d3d7800000,0x000000d3d7900000)]
  0x0000020f7e886000 JavaThread "Reference Handler" daemon [_thread_blocked, id=8936, stack(0x000000d3d7f00000,0x000000d3d8000000)]
  0x0000020f7e8b3000 JavaThread "Finalizer" daemon [_thread_blocked, id=14328, stack(0x000000d3d8000000,0x000000d3d8100000)]
  0x0000020f7e8c7000 JavaThread "Signal Dispatcher" daemon [_thread_blocked, id=12896, stack(0x000000d3d8100000,0x000000d3d8200000)]
  0x0000020f7e8c9000 JavaThread "Attach Listener" daemon [_thread_blocked, id=13348, stack(0x000000d3d8200000,0x000000d3d8300000)]
  0x0000020f7e8ca000 JavaThread "Service Thread" daemon [_thread_blocked, id=12024, stack(0x000000d3d8300000,0x000000d3d8400000)]
  0x0000020f7e8cc000 JavaThread "C2 CompilerThread0" daemon [_thread_in_native, id=1640, stack(0x000000d3d8400000,0x000000d3d8500000)]
  0x0000020f7e8d8800 JavaThread "C1 CompilerThread0" daemon [_thread_blocked, id=7332, stack(0x000000d3d8500000,0x000000d3d8600000)]
  0x0000020f7e8e4000 JavaThread "Sweeper thread" daemon [_thread_blocked, id=3612, stack(0x000000d3d8600000,0x000000d3d8700000)]
  0x0000020f7f3c6800 JavaThread "Common-Cleaner" daemon [_thread_blocked, id=9836, stack(0x000000d3d8800000,0x000000d3d8900000)]
=>0x0000020f12cf2000 JavaThread "C2 CompilerThread1" daemon [_thread_in_native, id=964, stack(0x000000d3d8900000,0x000000d3d8a00000)]

Other Threads:
  0x0000020f7e883800 VMThread "VM Thread" [stack: 0x000000d3d7e00000,0x000000d3d7f00000] [id=13496]
  0x0000020f7f3bc000 WatcherThread [stack: 0x000000d3d8700000,0x000000d3d8800000] [id=10640]
  0x0000020f75069800 GCTaskThread "GC Thread#0" [stack: 0x000000d3d7900000,0x000000d3d7a00000] [id=3192]
  0x0000020f7f7ae000 GCTaskThread "GC Thread#1" [stack: 0x000000d3d8a00000,0x000000d3d8b00000] [id=12484]
  0x0000020f7508f000 ConcurrentGCThread "G1 Main Marker" [stack: 0x000000d3d7a00000,0x000000d3d7b00000] [id=3456]
  0x0000020f75091000 ConcurrentGCThread "G1 Conc#0" [stack: 0x000000d3d7b00000,0x000000d3d7c00000] [id=6300]
  0x0000020f75108000 ConcurrentGCThread "G1 Refine#0" [stack: 0x000000d3d7c00000,0x000000d3d7d00000] [id=6100]
  0x0000020f7510b000 ConcurrentGCThread "G1 Young RemSet Sampling" [stack: 0x000000d3d7d00000,0x000000d3d7e00000] [id=9744]

Threads with active compile tasks:
C2 CompilerThread0    14498 6849       4       org.jetbrains.kotlin.descriptors.impl.FunctionDescriptorImpl::doSubstitute (848 bytes)
C2 CompilerThread1    14498 7072       4       org.jetbrains.kotlin.cli.jvm.index.JvmDependenciesIndexImpl::search (385 bytes)

VM state:not at safepoint (normal execution)

VM Mutex/Monitor currently owned by a thread: None

Heap address: 0x00000000a1400000, size: 1516 MB, Compressed Oops mode: 32-bit
Narrow klass base: 0x0000000000000000, Narrow klass shift: 3
Compressed class space size: 1073741824 Address: 0x0000000100000000

Heap:
 garbage-first heap   total 120832K, used 74240K [0x00000000a1400000, 0x0000000100000000)
  region size 1024K, 34 young (34816K), 3 survivors (3072K)
 Metaspace       used 60052K, capacity 60815K, committed 61084K, reserved 1103872K
  class space    used 6777K, capacity 7083K, committed 7116K, reserved 1048576K
Heap Regions: E=young(eden), S=young(survivor), O=old, HS=humongous(starts), HC=humongous(continues), CS=collection set, F=free, A=archive, TAMS=top-at-mark-start (previous, next)
|   0|0x00000000a1400000, 0x00000000a1500000, 0x00000000a1500000|100%|HS|  |TAMS 0x00000000a1500000, 0x00000000a1400000| Complete 
|   1|0x00000000a1500000, 0x00000000a1600000, 0x00000000a1600000|100%|HC|  |TAMS 0x00000000a1600000, 0x00000000a1500000| Complete 
|   2|0x00000000a1600000, 0x00000000a1700000, 0x00000000a1700000|100%|HC|  |TAMS 0x00000000a1700000, 0x00000000a1600000| Complete 
|   3|0x00000000a1700000, 0x00000000a1800000, 0x00000000a1800000|100%| O|  |TAMS 0x00000000a1800000, 0x00000000a1700000| Untracked 
|   4|0x00000000a1800000, 0x00000000a1900000, 0x00000000a1900000|100%| O|  |TAMS 0x00000000a1900000, 0x00000000a1800000| Untracked 
|   5|0x00000000a1900000, 0x00000000a1a00000, 0x00000000a1a00000|100%|HS|  |TAMS 0x00000000a1a00000, 0x00000000a1900000| Complete 
|   6|0x00000000a1a00000, 0x00000000a1b00000, 0x00000000a1b00000|100%|HC|  |TAMS 0x00000000a1b00000, 0x00000000a1a00000| Complete 
|   7|0x00000000a1b00000, 0x00000000a1c00000, 0x00000000a1c00000|100%|HC|  |TAMS 0x00000000a1c00000, 0x00000000a1b00000| Complete 
|   8|0x00000000a1c00000, 0x00000000a1d00000, 0x00000000a1d00000|100%|HS|  |TAMS 0x00000000a1d00000, 0x00000000a1c00000| Complete 
|   9|0x00000000a1d00000, 0x00000000a1e00000, 0x00000000a1e00000|100%|HC|  |TAMS 0x00000000a1e00000, 0x00000000a1d00000| Complete 
|  10|0x00000000a1e00000, 0x00000000a1f00000, 0x00000000a1f00000|100%| O|  |TAMS 0x00000000a1f00000, 0x00000000a1e00000| Untracked 
|  11|0x00000000a1f00000, 0x00000000a2000000, 0x00000000a2000000|100%| O|  |TAMS 0x00000000a2000000, 0x00000000a1f00000| Untracked 
|  12|0x00000000a2000000, 0x00000000a2100000, 0x00000000a2100000|100%| O|  |TAMS 0x00000000a2100000, 0x00000000a2000000| Untracked 
|  13|0x00000000a2100000, 0x00000000a2200000, 0x00000000a2200000|100%| O|  |TAMS 0x00000000a2200000, 0x00000000a2100000| Untracked 
|  14|0x00000000a2200000, 0x00000000a2300000, 0x00000000a2300000|100%| O|  |TAMS 0x00000000a2300000, 0x00000000a2200000| Untracked 
|  15|0x00000000a2300000, 0x00000000a2400000, 0x00000000a2400000|100%| O|  |TAMS 0x00000000a2400000, 0x00000000a2300000| Untracked 
|  16|0x00000000a2400000, 0x00000000a2500000, 0x00000000a2500000|100%| O|  |TAMS 0x00000000a2500000, 0x00000000a2400000| Untracked 
|  17|0x00000000a2500000, 0x00000000a2600000, 0x00000000a2600000|100%| O|  |TAMS 0x00000000a2600000, 0x00000000a2500000| Untracked 
|  18|0x00000000a2600000, 0x00000000a2700000, 0x00000000a2700000|100%| O|  |TAMS 0x00000000a2700000, 0x00000000a2600000| Untracked 
|  19|0x00000000a2700000, 0x00000000a2800000, 0x00000000a2800000|100%| O|  |TAMS 0x00000000a2800000, 0x00000000a2700000| Untracked 
|  20|0x00000000a2800000, 0x00000000a2900000, 0x00000000a2900000|100%| O|  |TAMS 0x00000000a2800000, 0x00000000a2800000| Untracked 
|  21|0x00000000a2900000, 0x00000000a2a00000, 0x00000000a2a00000|100%| O|  |TAMS 0x00000000a2900000, 0x00000000a2900000| Untracked 
|  22|0x00000000a2a00000, 0x00000000a2b00000, 0x00000000a2b00000|100%| O|  |TAMS 0x00000000a2a00000, 0x00000000a2a00000| Untracked 
|  23|0x00000000a2b00000, 0x00000000a2c00000, 0x00000000a2c00000|100%| O|  |TAMS 0x00000000a2b00000, 0x00000000a2b00000| Untracked 
|  24|0x00000000a2c00000, 0x00000000a2d00000, 0x00000000a2d00000|100%| O|  |TAMS 0x00000000a2c00000, 0x00000000a2c00000| Untracked 
|  25|0x00000000a2d00000, 0x00000000a2e00000, 0x00000000a2e00000|100%| O|  |TAMS 0x00000000a2d00000, 0x00000000a2d00000| Untracked 
|  26|0x00000000a2e00000, 0x00000000a2f00000, 0x00000000a2f00000|100%| O|  |TAMS 0x00000000a2e00000, 0x00000000a2e00000| Untracked 
|  27|0x00000000a2f00000, 0x00000000a3000000, 0x00000000a3000000|100%| O|  |TAMS 0x00000000a2f00000, 0x00000000a2f00000| Untracked 
|  28|0x00000000a3000000, 0x00000000a3100000, 0x00000000a3100000|100%| O|  |TAMS 0x00000000a3000000, 0x00000000a3000000| Untracked 
|  29|0x00000000a3100000, 0x00000000a3200000, 0x00000000a3200000|100%| O|  |TAMS 0x00000000a3100000, 0x00000000a3100000| Untracked 
|  30|0x00000000a3200000, 0x00000000a3300000, 0x00000000a3300000|100%| O|  |TAMS 0x00000000a3200000, 0x00000000a3200000| Untracked 
|  31|0x00000000a3300000, 0x00000000a3400000, 0x00000000a3400000|100%| O|  |TAMS 0x00000000a3300000, 0x00000000a3300000| Untracked 
|  32|0x00000000a3400000, 0x00000000a3500000, 0x00000000a3500000|100%| O|  |TAMS 0x00000000a3400000, 0x00000000a3400000| Untracked 
|  33|0x00000000a3500000, 0x00000000a3600000, 0x00000000a3600000|100%| O|  |TAMS 0x00000000a3500000, 0x00000000a3500000| Untracked 
|  34|0x00000000a3600000, 0x00000000a3700000, 0x00000000a3700000|100%| O|  |TAMS 0x00000000a3600000, 0x00000000a3600000| Untracked 
|  35|0x00000000a3700000, 0x00000000a3800000, 0x00000000a3800000|100%| O|  |TAMS 0x00000000a3700000, 0x00000000a3700000| Untracked 
|  36|0x00000000a3800000, 0x00000000a3900000, 0x00000000a3900000|100%| O|  |TAMS 0x00000000a3800000, 0x00000000a3800000| Untracked 
|  37|0x00000000a3900000, 0x00000000a3a00000, 0x00000000a3a00000|100%| O|  |TAMS 0x00000000a3900000, 0x00000000a3900000| Untracked 
|  38|0x00000000a3a00000, 0x00000000a3b00000, 0x00000000a3b00000|100%| O|  |TAMS 0x00000000a3a00000, 0x00000000a3a00000| Untracked 
|  39|0x00000000a3b00000, 0x00000000a3c00000, 0x00000000a3c00000|100%| O|  |TAMS 0x00000000a3b00000, 0x00000000a3b00000| Untracked 
|  40|0x00000000a3c00000, 0x00000000a3c00000, 0x00000000a3d00000|  0%| F|  |TAMS 0x00000000a3c00000, 0x00000000a3c00000| Untracked 
|  41|0x00000000a3d00000, 0x00000000a3d00000, 0x00000000a3e00000|  0%| F|  |TAMS 0x00000000a3d00000, 0x00000000a3d00000| Untracked 
|  42|0x00000000a3e00000, 0x00000000a3e00000, 0x00000000a3f00000|  0%| F|  |TAMS 0x00000000a3e00000, 0x00000000a3e00000| Untracked 
|  43|0x00000000a3f00000, 0x00000000a3f00000, 0x00000000a4000000|  0%| F|  |TAMS 0x00000000a3f00000, 0x00000000a3f00000| Untracked 
|  44|0x00000000a4000000, 0x00000000a4000000, 0x00000000a4100000|  0%| F|  |TAMS 0x00000000a4000000, 0x00000000a4000000| Untracked 
|  45|0x00000000a4100000, 0x00000000a4100000, 0x00000000a4200000|  0%| F|  |TAMS 0x00000000a4100000, 0x00000000a4100000| Untracked 
|  46|0x00000000a4200000, 0x00000000a4200000, 0x00000000a4300000|  0%| F|  |TAMS 0x00000000a4200000, 0x00000000a4200000| Untracked 
|  47|0x00000000a4300000, 0x00000000a4300000, 0x00000000a4400000|  0%| F|  |TAMS 0x00000000a4300000, 0x00000000a4300000| Untracked 
|  48|0x00000000a4400000, 0x00000000a4400000, 0x00000000a4500000|  0%| F|  |TAMS 0x00000000a4400000, 0x00000000a4400000| Untracked 
|  49|0x00000000a4500000, 0x00000000a4500000, 0x00000000a4600000|  0%| F|  |TAMS 0x00000000a4500000, 0x00000000a4500000| Untracked 
|  50|0x00000000a4600000, 0x00000000a4600000, 0x00000000a4700000|  0%| F|  |TAMS 0x00000000a4600000, 0x00000000a4600000| Untracked 
|  51|0x00000000a4700000, 0x00000000a4700000, 0x00000000a4800000|  0%| F|  |TAMS 0x00000000a4700000, 0x00000000a4700000| Untracked 
|  52|0x00000000a4800000, 0x00000000a4800000, 0x00000000a4900000|  0%| F|  |TAMS 0x00000000a4800000, 0x00000000a4800000| Untracked 
|  53|0x00000000a4900000, 0x00000000a4900000, 0x00000000a4a00000|  0%| F|  |TAMS 0x00000000a4900000, 0x00000000a4900000| Untracked 
|  54|0x00000000a4a00000, 0x00000000a4a00000, 0x00000000a4b00000|  0%| F|  |TAMS 0x00000000a4a00000, 0x00000000a4a00000| Untracked 
|  55|0x00000000a4b00000, 0x00000000a4b00000, 0x00000000a4c00000|  0%| F|  |TAMS 0x00000000a4b00000, 0x00000000a4b00000| Untracked 
|  56|0x00000000a4c00000, 0x00000000a4c00000, 0x00000000a4d00000|  0%| F|  |TAMS 0x00000000a4c00000, 0x00000000a4c00000| Untracked 
|  57|0x00000000a4d00000, 0x00000000a4d00000, 0x00000000a4e00000|  0%| F|  |TAMS 0x00000000a4d00000, 0x00000000a4d00000| Untracked 
|  58|0x00000000a4e00000, 0x00000000a4e00000, 0x00000000a4f00000|  0%| F|  |TAMS 0x00000000a4e00000, 0x00000000a4e00000| Untracked 
|  59|0x00000000a4f00000, 0x00000000a4f00000, 0x00000000a5000000|  0%| F|  |TAMS 0x00000000a4f00000, 0x00000000a4f00000| Untracked 
|  60|0x00000000a5000000, 0x00000000a5000000, 0x00000000a5100000|  0%| F|  |TAMS 0x00000000a5000000, 0x00000000a5000000| Untracked 
|  61|0x00000000a5100000, 0x00000000a5100000, 0x00000000a5200000|  0%| F|  |TAMS 0x00000000a5100000, 0x00000000a5100000| Untracked 
|  62|0x00000000a5200000, 0x00000000a5200000, 0x00000000a5300000|  0%| F|  |TAMS 0x00000000a5200000, 0x00000000a5200000| Untracked 
|  63|0x00000000a5300000, 0x00000000a5300000, 0x00000000a5400000|  0%| F|  |TAMS 0x00000000a5300000, 0x00000000a5300000| Untracked 
|  64|0x00000000a5400000, 0x00000000a5400000, 0x00000000a5500000|  0%| F|  |TAMS 0x00000000a5400000, 0x00000000a5400000| Untracked 
|  65|0x00000000a5500000, 0x00000000a5500000, 0x00000000a5600000|  0%| F|  |TAMS 0x00000000a5500000, 0x00000000a5500000| Untracked 
|  66|0x00000000a5600000, 0x00000000a5600000, 0x00000000a5700000|  0%| F|  |TAMS 0x00000000a5600000, 0x00000000a5600000| Untracked 
|  67|0x00000000a5700000, 0x00000000a5780000, 0x00000000a5800000| 50%| S|CS|TAMS 0x00000000a5700000, 0x00000000a5700000| Complete 
|  68|0x00000000a5800000, 0x00000000a5900000, 0x00000000a5900000|100%| S|CS|TAMS 0x00000000a5800000, 0x00000000a5800000| Complete 
|  69|0x00000000a5900000, 0x00000000a5a00000, 0x00000000a5a00000|100%| S|CS|TAMS 0x00000000a5900000, 0x00000000a5900000| Complete 
|  70|0x00000000a5a00000, 0x00000000a5a00000, 0x00000000a5b00000|  0%| F|  |TAMS 0x00000000a5a00000, 0x00000000a5a00000| Untracked 
|  71|0x00000000a5b00000, 0x00000000a5b00000, 0x00000000a5c00000|  0%| F|  |TAMS 0x00000000a5b00000, 0x00000000a5b00000| Untracked 
|  72|0x00000000a5c00000, 0x00000000a5c00000, 0x00000000a5d00000|  0%| F|  |TAMS 0x00000000a5c00000, 0x00000000a5c00000| Untracked 
|  73|0x00000000a5d00000, 0x00000000a5d00000, 0x00000000a5e00000|  0%| F|  |TAMS 0x00000000a5d00000, 0x00000000a5d00000| Untracked 
|  74|0x00000000a5e00000, 0x00000000a5e00000, 0x00000000a5f00000|  0%| F|  |TAMS 0x00000000a5e00000, 0x00000000a5e00000| Untracked 
|  75|0x00000000a5f00000, 0x00000000a5f00000, 0x00000000a6000000|  0%| F|  |TAMS 0x00000000a5f00000, 0x00000000a5f00000| Untracked 
|  76|0x00000000a6000000, 0x00000000a6000000, 0x00000000a6100000|  0%| F|  |TAMS 0x00000000a6000000, 0x00000000a6000000| Untracked 
|  77|0x00000000a6100000, 0x00000000a6100000, 0x00000000a6200000|  0%| F|  |TAMS 0x00000000a6100000, 0x00000000a6100000| Untracked 
|  78|0x00000000a6200000, 0x00000000a6200000, 0x00000000a6300000|  0%| F|  |TAMS 0x00000000a6200000, 0x00000000a6200000| Untracked 
|  79|0x00000000a6300000, 0x00000000a6300000, 0x00000000a6400000|  0%| F|  |TAMS 0x00000000a6300000, 0x00000000a6300000| Untracked 
|  80|0x00000000a6400000, 0x00000000a6400000, 0x00000000a6500000|  0%| F|  |TAMS 0x00000000a6400000, 0x00000000a6400000| Untracked 
|  81|0x00000000a6500000, 0x00000000a6500000, 0x00000000a6600000|  0%| F|  |TAMS 0x00000000a6500000, 0x00000000a6500000| Untracked 
|  82|0x00000000a6600000, 0x00000000a6600000, 0x00000000a6700000|  0%| F|  |TAMS 0x00000000a6600000, 0x00000000a6600000| Untracked 
|  83|0x00000000a6700000, 0x00000000a6700000, 0x00000000a6800000|  0%| F|  |TAMS 0x00000000a6700000, 0x00000000a6700000| Untracked 
|  84|0x00000000a6800000, 0x00000000a6800000, 0x00000000a6900000|  0%| F|  |TAMS 0x00000000a6800000, 0x00000000a6800000| Untracked 
|  85|0x00000000a6900000, 0x00000000a6900000, 0x00000000a6a00000|  0%| F|  |TAMS 0x00000000a6900000, 0x00000000a6900000| Untracked 
|  86|0x00000000a6a00000, 0x00000000a6a00000, 0x00000000a6b00000|  0%| F|  |TAMS 0x00000000a6a00000, 0x00000000a6a00000| Untracked 
|  87|0x00000000a6b00000, 0x00000000a6b80800, 0x00000000a6c00000| 50%| E|  |TAMS 0x00000000a6b00000, 0x00000000a6b00000| Complete 
|  88|0x00000000a6c00000, 0x00000000a6d00000, 0x00000000a6d00000|100%| E|CS|TAMS 0x00000000a6c00000, 0x00000000a6c00000| Complete 
|  89|0x00000000a6d00000, 0x00000000a6e00000, 0x00000000a6e00000|100%| E|CS|TAMS 0x00000000a6d00000, 0x00000000a6d00000| Complete 
|  90|0x00000000a6e00000, 0x00000000a6f00000, 0x00000000a6f00000|100%| E|CS|TAMS 0x00000000a6e00000, 0x00000000a6e00000| Complete 
|  91|0x00000000a6f00000, 0x00000000a7000000, 0x00000000a7000000|100%| E|CS|TAMS 0x00000000a6f00000, 0x00000000a6f00000| Complete 
|  92|0x00000000a7000000, 0x00000000a7100000, 0x00000000a7100000|100%| E|CS|TAMS 0x00000000a7000000, 0x00000000a7000000| Complete 
|  93|0x00000000a7100000, 0x00000000a7200000, 0x00000000a7200000|100%| E|CS|TAMS 0x00000000a7100000, 0x00000000a7100000| Complete 
|  94|0x00000000a7200000, 0x00000000a7300000, 0x00000000a7300000|100%| E|CS|TAMS 0x00000000a7200000, 0x00000000a7200000| Complete 
|  95|0x00000000a7300000, 0x00000000a7400000, 0x00000000a7400000|100%| E|CS|TAMS 0x00000000a7300000, 0x00000000a7300000| Complete 
|  96|0x00000000a7400000, 0x00000000a7500000, 0x00000000a7500000|100%| E|CS|TAMS 0x00000000a7400000, 0x00000000a7400000| Complete 
|  97|0x00000000a7500000, 0x00000000a7600000, 0x00000000a7600000|100%| E|CS|TAMS 0x00000000a7500000, 0x00000000a7500000| Complete 
|  98|0x00000000a7600000, 0x00000000a7700000, 0x00000000a7700000|100%| E|CS|TAMS 0x00000000a7600000, 0x00000000a7600000| Complete 
|  99|0x00000000a7700000, 0x00000000a7800000, 0x00000000a7800000|100%| E|CS|TAMS 0x00000000a7700000, 0x00000000a7700000| Complete 
| 100|0x00000000a7800000, 0x00000000a7900000, 0x00000000a7900000|100%| E|CS|TAMS 0x00000000a7800000, 0x00000000a7800000| Complete 
| 101|0x00000000a7900000, 0x00000000a7a00000, 0x00000000a7a00000|100%| E|CS|TAMS 0x00000000a7900000, 0x00000000a7900000| Complete 
| 102|0x00000000a7a00000, 0x00000000a7b00000, 0x00000000a7b00000|100%| E|CS|TAMS 0x00000000a7a00000, 0x00000000a7a00000| Complete 
| 103|0x00000000a7b00000, 0x00000000a7c00000, 0x00000000a7c00000|100%| E|CS|TAMS 0x00000000a7b00000, 0x00000000a7b00000| Complete 
| 104|0x00000000a7c00000, 0x00000000a7d00000, 0x00000000a7d00000|100%| E|CS|TAMS 0x00000000a7c00000, 0x00000000a7c00000| Complete 
| 105|0x00000000a7d00000, 0x00000000a7e00000, 0x00000000a7e00000|100%| E|CS|TAMS 0x00000000a7d00000, 0x00000000a7d00000| Complete 
| 106|0x00000000a7e00000, 0x00000000a7f00000, 0x00000000a7f00000|100%| E|CS|TAMS 0x00000000a7e00000, 0x00000000a7e00000| Complete 
| 107|0x00000000a7f00000, 0x00000000a8000000, 0x00000000a8000000|100%| E|CS|TAMS 0x00000000a7f00000, 0x00000000a7f00000| Complete 
| 108|0x00000000a8000000, 0x00000000a8100000, 0x00000000a8100000|100%| E|CS|TAMS 0x00000000a8000000, 0x00000000a8000000| Complete 
| 109|0x00000000a8100000, 0x00000000a8200000, 0x00000000a8200000|100%| E|CS|TAMS 0x00000000a8100000, 0x00000000a8100000| Complete 
| 110|0x00000000a8200000, 0x00000000a8300000, 0x00000000a8300000|100%| E|CS|TAMS 0x00000000a8200000, 0x00000000a8200000| Complete 
| 111|0x00000000a8300000, 0x00000000a8400000, 0x00000000a8400000|100%| E|CS|TAMS 0x00000000a8300000, 0x00000000a8300000| Complete 
| 112|0x00000000a8400000, 0x00000000a8500000, 0x00000000a8500000|100%| E|CS|TAMS 0x00000000a8400000, 0x00000000a8400000| Complete 
| 113|0x00000000a8500000, 0x00000000a8600000, 0x00000000a8600000|100%| E|CS|TAMS 0x00000000a8500000, 0x00000000a8500000| Complete 
| 114|0x00000000a8600000, 0x00000000a8700000, 0x00000000a8700000|100%| E|CS|TAMS 0x00000000a8600000, 0x00000000a8600000| Complete 
| 115|0x00000000a8700000, 0x00000000a8800000, 0x00000000a8800000|100%| E|CS|TAMS 0x00000000a8700000, 0x00000000a8700000| Complete 
| 116|0x00000000a8800000, 0x00000000a8900000, 0x00000000a8900000|100%| E|CS|TAMS 0x00000000a8800000, 0x00000000a8800000| Complete 
| 117|0x00000000a8900000, 0x00000000a8a00000, 0x00000000a8a00000|100%| E|CS|TAMS 0x00000000a8900000, 0x00000000a8900000| Complete 

Card table byte_map: [0x0000020f78e70000,0x0000020f79170000] _byte_map_base: 0x0000020f78966000

Marking Bits (Prev, Next): (CMBitMap*) 0x0000020f750883d0, (CMBitMap*) 0x0000020f75088398
 Prev Bits: [0x0000020f7ac20000, 0x0000020f7c3d0000)
 Next Bits: [0x0000020f79470000, 0x0000020f7ac20000)

Polling page: 0x0000020f72fe0000

Metaspace:

Usage:
  Non-class:     52.47 MB capacity,    52.03 MB (>99%) used,   351.43 KB ( <1%) free+waste,    98.25 KB ( <1%) overhead. 
      Class:      6.92 MB capacity,     6.62 MB ( 96%) used,   262.08 KB (  4%) free+waste,    43.81 KB ( <1%) overhead. 
       Both:     59.39 MB capacity,    58.65 MB ( 99%) used,   613.51 KB (  1%) free+waste,   142.06 KB ( <1%) overhead. 

Virtual space:
  Non-class space:       54.00 MB reserved,      52.70 MB ( 98%) committed 
      Class space:        1.00 GB reserved,       6.95 MB ( <1%) committed 
             Both:        1.05 GB reserved,      59.65 MB (  6%) committed 

Chunk freelists:
   Non-Class:  44.00 KB
       Class:  21.00 KB
        Both:  65.00 KB

MaxMetaspaceSize: 17179869184.00 GB
CompressedClassSpaceSize: 1.00 GB
Initial GC threshold: 20.80 MB
Current GC threshold: 75.25 MB
CDS: off

CodeHeap 'non-profiled nmethods': size=120064Kb used=3258Kb max_used=3258Kb free=116805Kb
 bounds [0x0000020f07ac0000, 0x0000020f07df0000, 0x0000020f0f000000]
CodeHeap 'profiled nmethods': size=120000Kb used=18892Kb max_used=18892Kb free=101107Kb
 bounds [0x0000020f00590000, 0x0000020f01810000, 0x0000020f07ac0000]
CodeHeap 'non-nmethods': size=5696Kb used=1297Kb max_used=1348Kb free=4398Kb
 bounds [0x0000020f00000000, 0x0000020f00270000, 0x0000020f00590000]
 total_blobs=7802 nmethods=7221 adapters=492
 compilation: enabled
              stopped_count=0, restarted_count=0
 full_count=0

Compilation events (20 events):
Event: 14.432 Thread 0x0000020f7e8d8800 nmethod 7249 0x0000020f017d1210 code [0x0000020f017d13e0, 0x0000020f017d16b8]
Event: 14.432 Thread 0x0000020f7e8d8800 7250       3       org.jetbrains.kotlin.resolve.calls.smartcasts.DataFlowValueKindUtilsKt::variableKind (267 bytes)
Event: 14.438 Thread 0x0000020f7e8d8800 nmethod 7250 0x0000020f017d1790 code [0x0000020f017d1e20, 0x0000020f017d52f8]
Event: 14.438 Thread 0x0000020f7e8d8800 7253       3       org.jetbrains.kotlin.resolve.SinceKotlinUtilKt::getOwnSinceKotlinVersion (326 bytes)
Event: 14.440 Thread 0x0000020f7e8d8800 nmethod 7253 0x0000020f017d6310 code [0x0000020f017d6740, 0x0000020f017d8f48]
Event: 14.440 Thread 0x0000020f7e8d8800 7252       3       org.jetbrains.kotlin.types.expressions.ExpressionTypingVisitorDispatcher::getTypeInfo (40 bytes)
Event: 14.441 Thread 0x0000020f7e8d8800 nmethod 7252 0x0000020f017d9590 code [0x0000020f017d9780, 0x0000020f017d9a18]
Event: 14.441 Thread 0x0000020f7e8d8800 7251       3       org.jetbrains.kotlin.resolve.bindingContextUtil.BindingContextUtilsKt::recordDataFlowInfo (112 bytes)
Event: 14.443 Thread 0x0000020f7e8d8800 nmethod 7251 0x0000020f017d9b90 code [0x0000020f017d9f80, 0x0000020f017db6d8]
Event: 14.444 Thread 0x0000020f7e8d8800 7255       3       org.jetbrains.kotlin.resolve.calls.model.DataFlowInfoForArgumentsImpl::initNextArgMap (79 bytes)
Event: 14.445 Thread 0x0000020f7e8d8800 nmethod 7255 0x0000020f017dbe90 code [0x0000020f017dc0c0, 0x0000020f017dc988]
Event: 14.445 Thread 0x0000020f7e8d8800 7254       1       org.jetbrains.kotlin.resolve.scopes.LexicalScope$Base::getImplicitReceiver (2 bytes)
Event: 14.445 Thread 0x0000020f7e8d8800 nmethod 7254 0x0000020f07ded490 code [0x0000020f07ded640, 0x0000020f07ded6f8]
Event: 14.447 Thread 0x0000020f7e8d8800 7256       3       org.jetbrains.kotlin.com.intellij.util.containers.ContainerUtil::createConcurrentWeakValueMap (8 bytes)
Event: 14.448 Thread 0x0000020f7e8d8800 nmethod 7256 0x0000020f017dcc10 code [0x0000020f017dce20, 0x0000020f017dd538]
Event: 14.448 Thread 0x0000020f7e8d8800 7257       3       org.jetbrains.kotlin.resolve.scopes.receivers.ReceiverValueWithSmartCastInfo::<init> (37 bytes)
Event: 14.449 Thread 0x0000020f7e8d8800 nmethod 7257 0x0000020f017dd790 code [0x0000020f017dd960, 0x0000020f017ddbe8]
Event: 14.449 Thread 0x0000020f7e8d8800 7258       3       org.jetbrains.kotlin.resolve.scopes.receivers.ReceiverValueWithSmartCastInfo::<init> (52 bytes)
Event: 14.451 Thread 0x0000020f7e8d8800 nmethod 7258 0x0000020f017ddd10 code [0x0000020f017de040, 0x0000020f017df0c8]
Event: 14.451 Thread 0x0000020f7e8d8800 7259       3       org.jetbrains.kotlin.resolve.calls.components.SimpleArgumentsChecksKt::checkExpressionArgument (390 bytes)

GC Heap History (16 events):
Event: 0.773 GC heap before
{Heap before GC invocations=0 (full 0):
 garbage-first heap   total 98304K, used 17408K [0x00000000a1400000, 0x0000000100000000)
  region size 1024K, 14 young (14336K), 0 survivors (0K)
 Metaspace       used 9820K, capacity 9906K, committed 10112K, reserved 1058816K
  class space    used 826K, capacity 853K, committed 896K, reserved 1048576K
}
Event: 0.780 GC heap after
{Heap after GC invocations=1 (full 0):
 garbage-first heap   total 98304K, used 5271K [0x00000000a1400000, 0x0000000100000000)
  region size 1024K, 2 young (2048K), 2 survivors (2048K)
 Metaspace       used 9820K, capacity 9906K, committed 10112K, reserved 1058816K
  class space    used 826K, capacity 853K, committed 896K, reserved 1048576K
}
Event: 2.247 GC heap before
{Heap before GC invocations=1 (full 0):
 garbage-first heap   total 98304K, used 50327K [0x00000000a1400000, 0x0000000100000000)
  region size 1024K, 47 young (48128K), 2 survivors (2048K)
 Metaspace       used 20992K, capacity 21222K, committed 21248K, reserved 1069056K
  class space    used 2206K, capacity 2293K, committed 2304K, reserved 1048576K
}
Event: 2.269 GC heap after
{Heap after GC invocations=2 (full 0):
 garbage-first heap   total 98304K, used 9278K [0x00000000a1400000, 0x0000000100000000)
  region size 1024K, 6 young (6144K), 6 survivors (6144K)
 Metaspace       used 20992K, capacity 21222K, committed 21248K, reserved 1069056K
  class space    used 2206K, capacity 2293K, committed 2304K, reserved 1048576K
}
Event: 4.126 GC heap before
{Heap before GC invocations=3 (full 0):
 garbage-first heap   total 98304K, used 61502K [0x00000000a1400000, 0x0000000100000000)
  region size 1024K, 52 young (53248K), 6 survivors (6144K)
 Metaspace       used 32541K, capacity 33035K, committed 33276K, reserved 1079296K
  class space    used 4035K, capacity 4265K, committed 4352K, reserved 1048576K
}
Event: 4.171 GC heap after
{Heap after GC invocations=4 (full 0):
 garbage-first heap   total 98304K, used 20644K [0x00000000a1400000, 0x0000000100000000)
  region size 1024K, 7 young (7168K), 7 survivors (7168K)
 Metaspace       used 32541K, capacity 33035K, committed 33276K, reserved 1079296K
  class space    used 4035K, capacity 4265K, committed 4352K, reserved 1048576K
}
Event: 4.629 GC heap before
{Heap before GC invocations=4 (full 0):
 garbage-first heap   total 98304K, used 32932K [0x00000000a1400000, 0x0000000100000000)
  region size 1024K, 20 young (20480K), 7 survivors (7168K)
 Metaspace       used 35463K, capacity 35958K, committed 36048K, reserved 1081344K
  class space    used 4351K, capacity 4557K, committed 4608K, reserved 1048576K
}
Event: 4.646 GC heap after
{Heap after GC invocations=5 (full 0):
 garbage-first heap   total 98304K, used 22016K [0x00000000a1400000, 0x0000000100000000)
  region size 1024K, 2 young (2048K), 2 survivors (2048K)
 Metaspace       used 35463K, capacity 35958K, committed 36048K, reserved 1081344K
  class space    used 4351K, capacity 4557K, committed 4608K, reserved 1048576K
}
Event: 6.362 GC heap before
{Heap before GC invocations=6 (full 0):
 garbage-first heap   total 98304K, used 69120K [0x00000000a1400000, 0x0000000100000000)
  region size 1024K, 48 young (49152K), 2 survivors (2048K)
 Metaspace       used 45492K, capacity 46089K, committed 46236K, reserved 1089536K
  class space    used 5345K, capacity 5559K, committed 5580K, reserved 1048576K
}
Event: 6.390 GC heap after
{Heap after GC invocations=7 (full 0):
 garbage-first heap   total 120832K, used 26033K [0x00000000a1400000, 0x0000000100000000)
  region size 1024K, 6 young (6144K), 6 survivors (6144K)
 Metaspace       used 45492K, capacity 46089K, committed 46236K, reserved 1089536K
  class space    used 5345K, capacity 5559K, committed 5580K, reserved 1048576K
}
Event: 8.409 GC heap before
{Heap before GC invocations=8 (full 0):
 garbage-first heap   total 120832K, used 81329K [0x00000000a1400000, 0x0000000100000000)
  region size 1024K, 59 young (60416K), 6 survivors (6144K)
 Metaspace       used 50066K, capacity 50662K, committed 50844K, reserved 1093632K
  class space    used 5781K, capacity 6005K, committed 6092K, reserved 1048576K
}
Event: 8.449 GC heap after
{Heap after GC invocations=9 (full 0):
 garbage-first heap   total 120832K, used 32939K [0x00000000a1400000, 0x0000000100000000)
  region size 1024K, 7 young (7168K), 7 survivors (7168K)
 Metaspace       used 50066K, capacity 50662K, committed 50844K, reserved 1093632K
  class space    used 5781K, capacity 6005K, committed 6092K, reserved 1048576K
}
Event: 10.772 GC heap before
{Heap before GC invocations=9 (full 0):
 garbage-first heap   total 120832K, used 88235K [0x00000000a1400000, 0x0000000100000000)
  region size 1024K, 61 young (62464K), 7 survivors (7168K)
 Metaspace       used 51912K, capacity 52509K, committed 52764K, reserved 1095680K
  class space    used 5867K, capacity 6109K, committed 6220K, reserved 1048576K
}
Event: 10.826 GC heap after
{Heap after GC invocations=10 (full 0):
 garbage-first heap   total 120832K, used 40775K [0x00000000a1400000, 0x0000000100000000)
  region size 1024K, 8 young (8192K), 8 survivors (8192K)
 Metaspace       used 51912K, capacity 52509K, committed 52764K, reserved 1095680K
  class space    used 5867K, capacity 6109K, committed 6220K, reserved 1048576K
}
Event: 11.928 GC heap before
{Heap before GC invocations=10 (full 0):
 garbage-first heap   total 120832K, used 89927K [0x00000000a1400000, 0x0000000100000000)
  region size 1024K, 56 young (57344K), 8 survivors (8192K)
 Metaspace       used 54940K, capacity 55610K, committed 55964K, reserved 1099776K
  class space    used 6222K, capacity 6481K, committed 6604K, reserved 1048576K
}
Event: 11.971 GC heap after
{Heap after GC invocations=11 (full 0):
 garbage-first heap   total 120832K, used 43520K [0x00000000a1400000, 0x0000000100000000)
  region size 1024K, 3 young (3072K), 3 survivors (3072K)
 Metaspace       used 54940K, capacity 55610K, committed 55964K, reserved 1099776K
  class space    used 6222K, capacity 6481K, committed 6604K, reserved 1048576K
}

Deoptimization events (20 events):
Event: 13.777 Thread 0x0000020f75050800 Uncommon trap: trap_request=0xffffffc6 fr.pc=0x0000020f07da7890 relative=0x00000000000014d0
Event: 13.777 Thread 0x0000020f75050800 Uncommon trap: reason=bimorphic_or_optimized_type_check action=maybe_recompile pc=0x0000020f07da7890 method=gnu.trove.TObjectHash.insertionIndex(Ljava/lang/Object;)I @ 30 c2
Event: 13.777 Thread 0x0000020f75050800 DEOPT PACKING pc=0x0000020f07da7890 sp=0x000000d3d78f83c0
Event: 13.777 Thread 0x0000020f75050800 DEOPT UNPACKING pc=0x0000020f0004a1af sp=0x000000d3d78f8380 mode 2
Event: 13.778 Thread 0x0000020f75050800 Uncommon trap: trap_request=0xffffffc6 fr.pc=0x0000020f07c68dc8 relative=0x0000000000000d88
Event: 13.778 Thread 0x0000020f75050800 Uncommon trap: reason=bimorphic_or_optimized_type_check action=maybe_recompile pc=0x0000020f07c68dc8 method=gnu.trove.TObjectHash.index(Ljava/lang/Object;)I @ 64 c2
Event: 13.778 Thread 0x0000020f75050800 DEOPT PACKING pc=0x0000020f07c68dc8 sp=0x000000d3d78f8990
Event: 13.778 Thread 0x0000020f75050800 DEOPT UNPACKING pc=0x0000020f0004a1af sp=0x000000d3d78f8920 mode 2
Event: 13.817 Thread 0x0000020f75050800 Uncommon trap: trap_request=0xffffffc6 fr.pc=0x0000020f07c68dc8 relative=0x0000000000000d88
Event: 13.817 Thread 0x0000020f75050800 Uncommon trap: reason=bimorphic_or_optimized_type_check action=maybe_recompile pc=0x0000020f07c68dc8 method=gnu.trove.TObjectHash.index(Ljava/lang/Object;)I @ 64 c2
Event: 13.817 Thread 0x0000020f75050800 DEOPT PACKING pc=0x0000020f07c68dc8 sp=0x000000d3d78f9f10
Event: 13.817 Thread 0x0000020f75050800 DEOPT UNPACKING pc=0x0000020f0004a1af sp=0x000000d3d78f9ea0 mode 2
Event: 13.819 Thread 0x0000020f75050800 Uncommon trap: trap_request=0xffffffc6 fr.pc=0x0000020f07c68dc8 relative=0x0000000000000d88
Event: 13.819 Thread 0x0000020f75050800 Uncommon trap: reason=bimorphic_or_optimized_type_check action=maybe_recompile pc=0x0000020f07c68dc8 method=gnu.trove.TObjectHash.index(Ljava/lang/Object;)I @ 64 c2
Event: 13.819 Thread 0x0000020f75050800 DEOPT PACKING pc=0x0000020f07c68dc8 sp=0x000000d3d78f9f10
Event: 13.819 Thread 0x0000020f75050800 DEOPT UNPACKING pc=0x0000020f0004a1af sp=0x000000d3d78f9ea0 mode 2
Event: 13.925 Thread 0x0000020f75050800 Uncommon trap: trap_request=0xffffffc6 fr.pc=0x0000020f07c68dc8 relative=0x0000000000000d88
Event: 13.925 Thread 0x0000020f75050800 Uncommon trap: reason=bimorphic_or_optimized_type_check action=maybe_recompile pc=0x0000020f07c68dc8 method=gnu.trove.TObjectHash.index(Ljava/lang/Object;)I @ 64 c2
Event: 13.925 Thread 0x0000020f75050800 DEOPT PACKING pc=0x0000020f07c68dc8 sp=0x000000d3d78f87a0
Event: 13.925 Thread 0x0000020f75050800 DEOPT UNPACKING pc=0x0000020f0004a1af sp=0x000000d3d78f8730 mode 2

Classes redefined (0 events):
No events

Internal exceptions (20 events):
Event: 5.863 Thread 0x0000020f75050800 Exception <a 'java/lang/NoSuchMethodError'{0x00000000a4cf7c18}: 'java.lang.Object java.lang.invoke.Invokers$Holder.linkToTargetMethod(java.lang.Object, int, java.lang.Object)'> (0x00000000a4cf7c18) thrown at [src/hotspot/share/interpreter/linkResolver.cpp, line 773]
Event: 6.055 Thread 0x0000020f75050800 Exception <a 'java/lang/NoSuchMethodError'{0x00000000a4ac6788}: 'java.lang.Object java.lang.invoke.DirectMethodHandle$Holder.invokeStatic(java.lang.Object, java.lang.Object, java.lang.Object, int)'> (0x00000000a4ac6788) thrown at [src/hotspot/share/interpreter/linkResolver.cpp, line 773]
Event: 6.056 Thread 0x0000020f75050800 Exception <a 'java/lang/NoSuchMethodError'{0x00000000a4aca3f8}: 'java.lang.Object java.lang.invoke.DirectMethodHandle$Holder.invokeSpecial(java.lang.Object, java.lang.Object, java.lang.Object, java.lang.Object, int)'> (0x00000000a4aca3f8) thrown at [src/hotspot/share/interpreter/linkResolver.cpp, line 773]
Event: 6.056 Thread 0x0000020f75050800 Exception <a 'java/lang/NoSuchMethodError'{0x00000000a4acd708}: 'java.lang.Object java.lang.invoke.Invokers$Holder.linkToTargetMethod(java.lang.Object, java.lang.Object, int, java.lang.Object)'> (0x00000000a4acd708) thrown at [src/hotspot/share/interpreter/linkResolver.cpp, line 773]
Event: 8.316 Thread 0x0000020f75050800 Implicit null exception at 0x0000020f07c87c55 to 0x0000020f07c883b4
Event: 8.533 Thread 0x0000020f75050800 Exception <a 'java/lang/NoSuchMethodError'{0x00000000a889d378}: 'java.lang.Object java.lang.invoke.DirectMethodHandle$Holder.invokeStaticInit(java.lang.Object, java.lang.Object, java.lang.Object)'> (0x00000000a889d378) thrown at [src/hotspot/share/interpreter/linkResolver.cpp, line 773]
Event: 10.300 Thread 0x0000020f75050800 Exception <a 'java/lang/NoSuchMethodError'{0x00000000a6443a70}: 'int java.lang.invoke.DirectMethodHandle$Holder.invokeInterface(java.lang.Object, java.lang.Object)'> (0x00000000a6443a70) thrown at [src/hotspot/share/interpreter/linkResolver.cpp, line 773]
Event: 11.218 Thread 0x0000020f75050800 Exception <a 'java/lang/NoSuchMethodError'{0x00000000a6a22ca8}: 'java.lang.Object java.lang.invoke.Invokers$Holder.linkToTargetMethod(java.lang.Object, java.lang.Object, java.lang.Object, int, int, java.lang.Object)'> (0x00000000a6a22ca8) thrown at [src/hotspot/share/interpreter/linkResolver.cpp, line 773]
Event: 11.256 Thread 0x0000020f75050800 Exception <a 'java/lang/NoSuchMethodError'{0x00000000a6a92830}: 'java.lang.Object java.lang.invoke.Invokers$Holder.linkToTargetMethod(java.lang.Object, java.lang.Object, java.lang.Object, java.lang.Object, java.lang.Object, java.lang.Object)'> (0x00000000a6a92830) thrown at [src/hotspot/share/interpreter/linkResolver.cpp, line 773]
Event: 11.564 Thread 0x0000020f75050800 Implicit null exception at 0x0000020f07bed14c to 0x0000020f07bed228
Event: 12.423 Thread 0x0000020f75050800 Exception <a 'java/lang/NoSuchMethodError'{0x00000000a8317578}: 'java.lang.Object java.lang.invoke.Invokers$Holder.linkToTargetMethod(java.lang.Object, java.lang.Object, java.lang.Object, java.lang.Object, java.lang.Object, java.lang.Object, java.lang.Object)'> (0x00000000a8317578) thrown at [src/hotspot/share/interpreter/linkResolver.cpp, line 773]
Event: 12.463 Thread 0x0000020f75050800 Implicit null exception at 0x0000020f07b1a75e to 0x0000020f07b1aeba
Event: 12.463 Thread 0x0000020f75050800 Implicit null exception at 0x0000020f07afe22f to 0x0000020f07afe29d
Event: 12.510 Thread 0x0000020f75050800 Exception <a 'java/lang/NoSuchMethodError'{0x00000000a8264b58}: 'java.lang.Object java.lang.invoke.DirectMethodHandle$Holder.invokeInterface(java.lang.Object, java.lang.Object, java.lang.Object)'> (0x00000000a8264b58) thrown at [src/hotspot/share/interpreter/linkResolver.cpp, line 773]
Event: 12.511 Thread 0x0000020f75050800 Exception <a 'java/lang/IncompatibleClassChangeError'{0x00000000a8268030}: Found class java.lang.Object, but interface was expected> (0x00000000a8268030) thrown at [src/hotspot/share/interpreter/linkResolver.cpp, line 839]
Event: 12.643 Thread 0x0000020f75050800 Exception <a 'java/lang/NoSuchMethodError'{0x00000000a81dd688}: 'java.lang.Object java.lang.invoke.DirectMethodHandle$Holder.invokeStatic(java.lang.Object, int, java.lang.Object, java.lang.Object)'> (0x00000000a81dd688) thrown at [src/hotspot/share/interpreter/linkResolver.cpp, line 773]
Event: 12.645 Thread 0x0000020f75050800 Exception <a 'java/lang/NoSuchMethodError'{0x00000000a81e51f8}: 'java.lang.Object java.lang.invoke.DirectMethodHandle$Holder.invokeStatic(java.lang.Object, int, java.lang.Object)'> (0x00000000a81e51f8) thrown at [src/hotspot/share/interpreter/linkResolver.cpp, line 773]
Event: 13.758 Thread 0x0000020f75050800 Exception <a 'java/lang/NoSuchMethodError'{0x00000000a72f3000}: 'void java.lang.invoke.DirectMethodHandle$Holder.invokeInterface(java.lang.Object, java.lang.Object)'> (0x00000000a72f3000) thrown at [src/hotspot/share/interpreter/linkResolver.cpp, line 773]
Event: 13.821 Thread 0x0000020f75050800 Exception <a 'java/lang/NoSuchMethodError'{0x00000000a700c7c0}: 'java.lang.Object java.lang.invoke.DirectMethodHandle$Holder.invokeSpecial(java.lang.Object, java.lang.Object, java.lang.Object, java.lang.Object, java.lang.Object, int)'> (0x00000000a700c7c0) thrown at [src/hotspot/share/interpreter/linkResolver.cpp, line 773]
Event: 13.822 Thread 0x0000020f75050800 Exception <a 'java/lang/NoSuchMethodError'{0x00000000a70108b0}: 'java.lang.Object java.lang.invoke.Invokers$Holder.linkToTargetMethod(java.lang.Object, java.lang.Object, java.lang.Object, int, java.lang.Object)'> (0x00000000a70108b0) thrown at [src/hotspot/share/interpreter/linkResolver.cpp, line 773]

Events (20 events):
Event: 14.058 loading class org/jetbrains/kotlin/cfg/WhenOnSealedExhaustivenessChecker
Event: 14.058 loading class org/jetbrains/kotlin/cfg/WhenOnSealedExhaustivenessChecker done
Event: 14.059 loading class org/jetbrains/kotlin/types/expressions/PatternMatchingTypingVisitor$Subject$Expression
Event: 14.059 loading class org/jetbrains/kotlin/types/expressions/PatternMatchingTypingVisitor$Subject$Expression done
Event: 14.059 loading class org/jetbrains/kotlin/types/expressions/PatternMatchingTypingVisitor$Subject
Event: 14.059 loading class org/jetbrains/kotlin/types/expressions/PatternMatchingTypingVisitor$Subject done
Event: 14.075 loading class org/jetbrains/kotlin/resolve/calls/smartcasts/ConditionalDataFlowInfo$Companion
Event: 14.075 loading class org/jetbrains/kotlin/resolve/calls/smartcasts/ConditionalDataFlowInfo$Companion done
Event: 14.075 loading class org/jetbrains/kotlin/types/expressions/PatternMatchingTypingVisitor$checkWhenCondition$1
Event: 14.075 loading class org/jetbrains/kotlin/types/expressions/PatternMatchingTypingVisitor$checkWhenCondition$1 done
Event: 14.086 loading class org/jetbrains/kotlin/types/expressions/PatternMatchingTypingVisitor$Subject$None
Event: 14.086 loading class org/jetbrains/kotlin/types/expressions/PatternMatchingTypingVisitor$Subject$None done
Event: 14.096 loading class org/jetbrains/kotlin/types/expressions/PatternMatchingTypingVisitor$inferTypeForWhenExpression$resolvedCall$1
Event: 14.096 loading class org/jetbrains/kotlin/types/expressions/PatternMatchingTypingVisitor$inferTypeForWhenExpression$resolvedCall$1 done
Event: 14.099 loading class java/util/Collections$CopiesList
Event: 14.099 loading class java/util/Collections$CopiesList done
Event: 14.205 loading class org/jetbrains/kotlin/diagnostics/WhenMissingCase$Unknown
Event: 14.205 loading class org/jetbrains/kotlin/diagnostics/WhenMissingCase$Unknown done
Event: 14.205 loading class org/jetbrains/kotlin/diagnostics/WhenMissingCase
Event: 14.205 loading class org/jetbrains/kotlin/diagnostics/WhenMissingCase done


Dynamic libraries:
0x00007ff601f10000 - 0x00007ff601f1a000 	C:\Program Files\Android\Android Studio\jbr\bin\java.exe
0x00007ffe6fe90000 - 0x00007ffe700a4000 	C:\WINDOWS\SYSTEM32\ntdll.dll
0x00007ffe6f670000 - 0x00007ffe6f732000 	C:\WINDOWS\System32\KERNEL32.DLL
0x00007ffe6d630000 - 0x00007ffe6d9d3000 	C:\WINDOWS\System32\KERNELBASE.dll
0x00007ffe6d490000 - 0x00007ffe6d5a1000 	C:\WINDOWS\System32\ucrtbase.dll
0x00007ffe44860000 - 0x00007ffe4487b000 	C:\Program Files\Android\Android Studio\jbr\bin\VCRUNTIME140.dll
0x00007ffe4b700000 - 0x00007ffe4b717000 	C:\Program Files\Android\Android Studio\jbr\bin\jli.dll
0x00007ffe6ea70000 - 0x00007ffe6ec1b000 	C:\WINDOWS\System32\USER32.dll
0x00007ffe588d0000 - 0x00007ffe58b5e000 	C:\WINDOWS\WinSxS\amd64_microsoft.windows.common-controls_6595b64144ccf1df_6.0.22621.1635_none_270f70857386168e\COMCTL32.dll
0x00007ffe6daa0000 - 0x00007ffe6dac6000 	C:\WINDOWS\System32\win32u.dll
0x00007ffe6f540000 - 0x00007ffe6f5e7000 	C:\WINDOWS\System32\msvcrt.dll
0x00007ffe6e930000 - 0x00007ffe6e959000 	C:\WINDOWS\System32\GDI32.dll
0x00007ffe6db70000 - 0x00007ffe6dc88000 	C:\WINDOWS\System32\gdi32full.dll
0x00007ffe6dad0000 - 0x00007ffe6db6a000 	C:\WINDOWS\System32\msvcp_win.dll
0x00007ffe6e840000 - 0x00007ffe6e871000 	C:\WINDOWS\System32\IMM32.DLL
0x00007ffe6a5e0000 - 0x00007ffe6a5ec000 	C:\Program Files\Android\Android Studio\jbr\bin\vcruntime140_1.dll
0x00007ffe349e0000 - 0x00007ffe34a6d000 	C:\Program Files\Android\Android Studio\jbr\bin\msvcp140.dll
0x00007ffe2c670000 - 0x00007ffe2d22c000 	C:\Program Files\Android\Android Studio\jbr\bin\server\jvm.dll
0x00007ffe6e960000 - 0x00007ffe6ea0e000 	C:\WINDOWS\System32\ADVAPI32.dll
0x00007ffe6ec20000 - 0x00007ffe6ecc4000 	C:\WINDOWS\System32\sechost.dll
0x00007ffe6fd30000 - 0x00007ffe6fe47000 	C:\WINDOWS\System32\RPCRT4.dll
0x00007ffe6df30000 - 0x00007ffe6df38000 	C:\WINDOWS\System32\PSAPI.DLL
0x00007ffdfea60000 - 0x00007ffdfea69000 	C:\WINDOWS\SYSTEM32\WSOCK32.dll
0x00007ffe65b20000 - 0x00007ffe65b2a000 	C:\WINDOWS\SYSTEM32\VERSION.dll
0x00007ffe6f5f0000 - 0x00007ffe6f661000 	C:\WINDOWS\System32\WS2_32.dll
0x00007ffe64f60000 - 0x00007ffe64f94000 	C:\WINDOWS\SYSTEM32\WINMM.dll
0x00007ffe6c300000 - 0x00007ffe6c318000 	C:\WINDOWS\SYSTEM32\kernel.appcore.dll
0x00007ffe58bd0000 - 0x00007ffe58be0000 	C:\Program Files\Android\Android Studio\jbr\bin\verify.dll
0x00007ffe5a490000 - 0x00007ffe5a6be000 	C:\WINDOWS\SYSTEM32\DBGHELP.DLL
0x00007ffe6e030000 - 0x00007ffe6e3b9000 	C:\WINDOWS\System32\combase.dll
0x00007ffe6df50000 - 0x00007ffe6e027000 	C:\WINDOWS\System32\OLEAUT32.dll
0x00007ffe50d90000 - 0x00007ffe50dc2000 	C:\WINDOWS\SYSTEM32\dbgcore.DLL
0x00007ffe6d5b0000 - 0x00007ffe6d62b000 	C:\WINDOWS\System32\bcryptPrimitives.dll
0x00007ffe2db00000 - 0x00007ffe2db28000 	C:\Program Files\Android\Android Studio\jbr\bin\java.dll
0x00007ffe41390000 - 0x00007ffe4139a000 	C:\Program Files\Android\Android Studio\jbr\bin\jimage.dll
0x00007ffe2dae0000 - 0x00007ffe2daf8000 	C:\Program Files\Android\Android Studio\jbr\bin\zip.dll
0x00007ffe6ed40000 - 0x00007ffe6f53a000 	C:\WINDOWS\System32\SHELL32.dll
0x00007ffe6b2b0000 - 0x00007ffe6bb7e000 	C:\WINDOWS\SYSTEM32\windows.storage.dll
0x00007ffe6b170000 - 0x00007ffe6b2ae000 	C:\WINDOWS\SYSTEM32\wintypes.dll
0x00007ffe6f740000 - 0x00007ffe6f831000 	C:\WINDOWS\System32\SHCORE.dll
0x00007ffe6ece0000 - 0x00007ffe6ed3e000 	C:\WINDOWS\System32\shlwapi.dll
0x00007ffe6d1e0000 - 0x00007ffe6d201000 	C:\WINDOWS\SYSTEM32\profapi.dll
0x00007ffe2dac0000 - 0x00007ffe2dad9000 	C:\Program Files\Android\Android Studio\jbr\bin\net.dll
0x00007ffe65c00000 - 0x00007ffe65d37000 	C:\WINDOWS\SYSTEM32\WINHTTP.dll
0x00007ffe6c770000 - 0x00007ffe6c7d9000 	C:\WINDOWS\system32\mswsock.dll
0x00007ffe2daa0000 - 0x00007ffe2dab3000 	C:\Program Files\Android\Android Studio\jbr\bin\nio.dll

dbghelp: loaded successfully - version: 4.0.5 - missing functions: none
symbol engine: initialized successfully - sym options: 0x614 - pdb path: .;C:\Program Files\Android\Android Studio\jbr\bin;C:\WINDOWS\SYSTEM32;C:\WINDOWS\WinSxS\amd64_microsoft.windows.common-controls_6595b64144ccf1df_6.0.22621.1635_none_270f70857386168e;C:\Program Files\Android\Android Studio\jbr\bin\server

VM Arguments:
java_command: org.jetbrains.kotlin.cli.jvm.K2JVMCompiler @C:\Users\Jenifer\Downloads\lab-08\laboratorio08\Moviles 3\app\build\20230525_15239424280223088915.compiler.options
java_class_path (initial): C:\Users\Jenifer\.gradle\caches\modules-2\files-2.1\org.jetbrains.kotlin\kotlin-compiler-embeddable\1.6.10\88f2073f4020cdb83132cfe940ceb9a60aba54ea\kotlin-compiler-embeddable-1.6.10.jar;C:\Users\Jenifer\.gradle\caches\modules-2\files-2.1\org.jetbrains.kotlin\kotlin-reflect\1.6.10\1cbe9c92c12a94eea200d23c2bbaedaf3daf5132\kotlin-reflect-1.6.10.jar;C:\Users\Jenifer\.gradle\caches\modules-2\files-2.1\org.jetbrains.kotlin\kotlin-stdlib\1.6.10\b8af3fe6f1ca88526914929add63cf5e7c5049af\kotlin-stdlib-1.6.10.jar;C:\Users\Jenifer\.gradle\caches\modules-2\files-2.1\org.jetbrains.kotlin\kotlin-script-runtime\1.6.10\d0a7ff2e2500ef497ed0214ae40ad3c8387a6164\kotlin-script-runtime-1.6.10.jar;C:\Users\Jenifer\.gradle\caches\modules-2\files-2.1\org.jetbrains.kotlin\kotlin-daemon-embeddable\1.6.10\a56d79bcbea411fa6058e4ecffc2de73e742bd2a\kotlin-daemon-embeddable-1.6.10.jar;C:\Users\Jenifer\.gradle\caches\modules-2\files-2.1\org.jetbrains.intellij.deps\trove4j\1.0.20181211\216c2e14b070f334479d800987affe4054cd563f\trove4j-1.0.20181211.jar;C:\Users\Jenifer\.gradle\caches\modules-2\files-2.1\net.java.dev.jna\jna\5.6.0\330f2244e9030119ab3030fc3fededc86713d9cc\jna-5.6.0.jar;C:\Users\Jenifer\.gradle\caches\modules-2\files-2.1\org.jetbrains\annotations\13.0\919f0dfe192fb4e063e7dacadee7f8bb9a2672a9\annotations-13.0.jar;C:\Users\Jenifer\.gradle\caches\modules-2\files-2.1\org.jetbrains.kotlin\kotlin-stdlib-common\1.6.10\c118700e3a33c8a0d9adc920e9dec0831171925\kotlin-stdlib-common-1.6.10.jar
Launcher Type: SUN_STANDARD

[Global flags]
     intx CICompilerCount                          = 3                                         {product} {ergonomic}
     uint ConcGCThreads                            = 1                                         {product} {ergonomic}
     uint G1ConcRefinementThreads                  = 4                                         {product} {ergonomic}
   size_t G1HeapRegionSize                         = 1048576                                   {product} {ergonomic}
    uintx GCDrainStackTargetSize                   = 64                                        {product} {ergonomic}
   size_t InitialHeapSize                          = 100663296                                 {product} {ergonomic}
   size_t MarkStackSize                            = 4194304                                   {product} {ergonomic}
   size_t MaxHeapSize                              = 1589641216                                {product} {ergonomic}
   size_t MaxNewSize                               = 953155584                                 {product} {ergonomic}
   size_t MinHeapDeltaBytes                        = 1048576                                   {product} {ergonomic}
    uintx NonNMethodCodeHeapSize                   = 5830732                                {pd product} {ergonomic}
    uintx NonProfiledCodeHeapSize                  = 122913754                              {pd product} {ergonomic}
    uintx ProfiledCodeHeapSize                     = 122913754                              {pd product} {ergonomic}
    uintx ReservedCodeCacheSize                    = 251658240                              {pd product} {ergonomic}
     bool SegmentedCodeCache                       = true                                      {product} {ergonomic}
     bool UseCompressedClassPointers               = true                                 {lp64_product} {ergonomic}
     bool UseCompressedOops                        = true                                 {lp64_product} {ergonomic}
     bool UseG1GC                                  = true                                      {product} {ergonomic}
     bool UseLargePagesIndividualAllocation        = false                                  {pd product} {ergonomic}

Logging:
Log output configuration:
 #0: stdout all=warning uptime,level,tags
 #1: stderr all=off uptime,level,tags

Environment Variables:
PATH=C:\Program Files\Common Files\Oracle\Java\javapath;C:\WINDOWS\system32;C:\WINDOWS;C:\WINDOWS\System32\Wbem;C:\WINDOWS\System32\WindowsPowerShell\v1.0\;C:\WINDOWS\System32\OpenSSH\;C:\Program Files\nodejs\;C:\Program Files\MongoDB\Server\5.0\bin;C:\Program Files\Git\cmd;C:\xampp\php;D:\bin\apache-maven-3.9.1-bin\apache-maven-3.9.1\bin;C:\Program Files\MySQL\MySQL Shell 8.0\bin\;C:\Users\Jenifer\AppData\Local\Programs\Python\Python311;C:\Users\Jenifer\AppData\Local\Microsoft\WindowsApps;C:\Users\Jenifer\AppData\Roaming\npm;C:\Users\Jenifer\AppData\Local\Programs\Microsoft VS Code\bin;C:\Users\Jenifer\AppData\Roaming\Microsoft\Windows\Start Menu\Programs\Python 3.11;C:\Users\jenifer\AppData\Local\Programs\Python\Python311\Scripts;D:\bin\apache-maven-3.9.1-bin\apache-maven-3.9.1\bin
USERNAME=Jenifer
OS=Windows_NT
PROCESSOR_IDENTIFIER=AMD64 Family 23 Model 24 Stepping 1, AuthenticAMD



---------------  S Y S T E M  ---------------

OS: Windows 11 , 64 bit Build 22621 (10.0.22621.1635)
OS uptime: 0 days 0:43 hours

CPU:total 4 (initial active 4) (4 cores per cpu, 2 threads per core) family 23 model 24 stepping 1 microcode 0x0, cmov, cx8, fxsr, mmx, sse, sse2, sse3, ssse3, sse4.1, sse4.2, popcnt, avx, avx2, aes, clmul, mmxext, 3dnowpref, lzcnt, sse4a, ht, tsc, tscinvbit, tscinv, bmi1, bmi2, adx, sha, fma

Memory: 4k page, system-wide physical 6058M (364M free)
TotalPageFile size 8106M (AvailPageFile size 6M)
current process WorkingSet (physical memory assigned to process): 302M, peak: 303M
current process commit charge ("private bytes"): 331M, peak: 332M

vm_info: OpenJDK 64-Bit Server VM (11.0.15+0-b2043.56-9505619) for windows-amd64 JRE (11.0.15+0-b2043.56-9505619), built on Jan 19 2023 02:48:00 by "builduser" with unknown MS VC++:1929

END.
